[0.075s] DEBUG:colcon:Command line arguments: ['/usr/bin/colcon', 'build']
[0.075s] DEBUG:colcon:Parsed command line arguments: Namespace(log_base=None, log_level=None, verb_name='build', build_base='build', install_base='install', merge_install=False, symlink_install=False, test_result_base=None, continue_on_error=False, executor='parallel', parallel_workers=16, event_handlers=None, ignore_user_meta=False, metas=['./colcon.meta'], base_paths=['.'], packages_ignore=None, packages_ignore_regex=None, paths=None, packages_up_to=None, packages_up_to_regex=None, packages_above=None, packages_above_and_dependencies=None, packages_above_depth=None, packages_select_by_dep=None, packages_skip_by_dep=None, packages_skip_up_to=None, packages_select_build_failed=False, packages_skip_build_finished=False, packages_select_test_failures=False, packages_skip_test_passed=False, packages_select=None, packages_skip=None, packages_select_regex=None, packages_skip_regex=None, packages_start=None, packages_end=None, allow_overriding=[], cmake_args=None, cmake_target=None, cmake_target_skip_unavailable=False, cmake_clean_cache=False, cmake_clean_first=False, cmake_force_configure=False, ament_cmake_args=None, catkin_cmake_args=None, catkin_skip_building_tests=False, verb_parser=<colcon_defaults.argument_parser.defaults.DefaultArgumentsDecorator object at 0x7b2156425e10>, verb_extension=<colcon_core.verb.build.BuildVerb object at 0x7b2156425510>, main=<bound method BuildVerb.main of <colcon_core.verb.build.BuildVerb object at 0x7b2156425510>>)
[0.216s] Level 1:colcon.colcon_core.package_discovery:discover_packages(colcon_meta) check parameters
[0.216s] Level 1:colcon.colcon_core.package_discovery:discover_packages(recursive) check parameters
[0.216s] Level 1:colcon.colcon_core.package_discovery:discover_packages(ignore) check parameters
[0.216s] Level 1:colcon.colcon_core.package_discovery:discover_packages(path) check parameters
[0.216s] Level 1:colcon.colcon_core.package_discovery:discover_packages(colcon_meta) discover
[0.216s] Level 1:colcon.colcon_core.package_discovery:discover_packages(recursive) discover
[0.216s] INFO:colcon.colcon_core.package_discovery:Crawling recursively for packages in '/home/oumuika/Documents/mirs2403/src/carry_project'
[0.216s] Level 1:colcon.colcon_core.package_identification:_identify(.) by extensions ['ignore', 'ignore_ament_install']
[0.216s] Level 1:colcon.colcon_core.package_identification:_identify(.) by extension 'ignore'
[0.216s] Level 1:colcon.colcon_core.package_identification:_identify(.) by extension 'ignore_ament_install'
[0.216s] Level 1:colcon.colcon_core.package_identification:_identify(.) by extensions ['colcon_pkg']
[0.216s] Level 1:colcon.colcon_core.package_identification:_identify(.) by extension 'colcon_pkg'
[0.216s] Level 1:colcon.colcon_core.package_identification:_identify(.) by extensions ['colcon_meta']
[0.216s] Level 1:colcon.colcon_core.package_identification:_identify(.) by extension 'colcon_meta'
[0.216s] Level 1:colcon.colcon_core.package_identification:_identify(.) by extensions ['ros']
[0.216s] Level 1:colcon.colcon_core.package_identification:_identify(.) by extension 'ros'
[0.226s] Level 1:colcon.colcon_core.package_identification:_identify(.) by extensions ['cmake', 'python']
[0.226s] Level 1:colcon.colcon_core.package_identification:_identify(.) by extension 'cmake'
[0.226s] Level 1:colcon.colcon_core.package_identification:_identify(.) by extension 'python'
[0.226s] Level 1:colcon.colcon_core.package_identification:_identify(.) by extensions ['python_setup_py']
[0.226s] Level 1:colcon.colcon_core.package_identification:_identify(.) by extension 'python_setup_py'
[0.226s] Level 1:colcon.colcon_core.package_identification:_identify(build) by extensions ['ignore', 'ignore_ament_install']
[0.226s] Level 1:colcon.colcon_core.package_identification:_identify(build) by extension 'ignore'
[0.226s] Level 1:colcon.colcon_core.package_identification:_identify(build) ignored
[0.226s] Level 1:colcon.colcon_core.package_identification:_identify(carry) by extensions ['ignore', 'ignore_ament_install']
[0.226s] Level 1:colcon.colcon_core.package_identification:_identify(carry) by extension 'ignore'
[0.226s] Level 1:colcon.colcon_core.package_identification:_identify(carry) by extension 'ignore_ament_install'
[0.226s] Level 1:colcon.colcon_core.package_identification:_identify(carry) by extensions ['colcon_pkg']
[0.226s] Level 1:colcon.colcon_core.package_identification:_identify(carry) by extension 'colcon_pkg'
[0.226s] Level 1:colcon.colcon_core.package_identification:_identify(carry) by extensions ['colcon_meta']
[0.226s] Level 1:colcon.colcon_core.package_identification:_identify(carry) by extension 'colcon_meta'
[0.226s] Level 1:colcon.colcon_core.package_identification:_identify(carry) by extensions ['ros']
[0.226s] Level 1:colcon.colcon_core.package_identification:_identify(carry) by extension 'ros'
[0.229s] DEBUG:colcon.colcon_core.package_identification:Package 'carry' with type 'ros.ament_cmake' and name 'carry'
[0.229s] Level 1:colcon.colcon_core.package_identification:_identify(carry_msgs) by extensions ['ignore', 'ignore_ament_install']
[0.229s] Level 1:colcon.colcon_core.package_identification:_identify(carry_msgs) by extension 'ignore'
[0.229s] Level 1:colcon.colcon_core.package_identification:_identify(carry_msgs) by extension 'ignore_ament_install'
[0.229s] Level 1:colcon.colcon_core.package_identification:_identify(carry_msgs) by extensions ['colcon_pkg']
[0.229s] Level 1:colcon.colcon_core.package_identification:_identify(carry_msgs) by extension 'colcon_pkg'
[0.229s] Level 1:colcon.colcon_core.package_identification:_identify(carry_msgs) by extensions ['colcon_meta']
[0.229s] Level 1:colcon.colcon_core.package_identification:_identify(carry_msgs) by extension 'colcon_meta'
[0.229s] Level 1:colcon.colcon_core.package_identification:_identify(carry_msgs) by extensions ['ros']
[0.229s] Level 1:colcon.colcon_core.package_identification:_identify(carry_msgs) by extension 'ros'
[0.229s] DEBUG:colcon.colcon_core.package_identification:Package 'carry_msgs' with type 'ros.ament_cmake' and name 'carry_msgs'
[0.229s] Level 1:colcon.colcon_core.package_identification:_identify(install) by extensions ['ignore', 'ignore_ament_install']
[0.229s] Level 1:colcon.colcon_core.package_identification:_identify(install) by extension 'ignore'
[0.229s] Level 1:colcon.colcon_core.package_identification:_identify(install) ignored
[0.230s] Level 1:colcon.colcon_core.package_identification:_identify(log) by extensions ['ignore', 'ignore_ament_install']
[0.230s] Level 1:colcon.colcon_core.package_identification:_identify(log) by extension 'ignore'
[0.230s] Level 1:colcon.colcon_core.package_identification:_identify(log) ignored
[0.230s] Level 1:colcon.colcon_core.package_discovery:discover_packages(recursive) using defaults
[0.230s] Level 1:colcon.colcon_core.package_discovery:discover_packages(ignore) discover
[0.230s] Level 1:colcon.colcon_core.package_discovery:discover_packages(ignore) using defaults
[0.230s] Level 1:colcon.colcon_core.package_discovery:discover_packages(path) discover
[0.230s] Level 1:colcon.colcon_core.package_discovery:discover_packages(path) using defaults
[0.251s] Level 1:colcon.colcon_core.package_discovery:discover_packages(prefix_path) check parameters
[0.252s] Level 1:colcon.colcon_core.package_discovery:discover_packages(prefix_path) discover
[0.254s] DEBUG:colcon.colcon_installed_package_information.package_discovery:Found 17 installed packages in /home/oumuika/Documents/mirs2403/install
[0.255s] DEBUG:colcon.colcon_installed_package_information.package_discovery:Found 406 installed packages in /opt/ros/humble
[0.257s] Level 1:colcon.colcon_core.package_discovery:discover_packages(prefix_path) using defaults
[0.295s] Level 5:colcon.colcon_core.verb:set package 'carry' build argument 'cmake_args' from command line to 'None'
[0.295s] Level 5:colcon.colcon_core.verb:set package 'carry' build argument 'cmake_target' from command line to 'None'
[0.296s] Level 5:colcon.colcon_core.verb:set package 'carry' build argument 'cmake_target_skip_unavailable' from command line to 'False'
[0.296s] Level 5:colcon.colcon_core.verb:set package 'carry' build argument 'cmake_clean_cache' from command line to 'False'
[0.296s] Level 5:colcon.colcon_core.verb:set package 'carry' build argument 'cmake_clean_first' from command line to 'False'
[0.296s] Level 5:colcon.colcon_core.verb:set package 'carry' build argument 'cmake_force_configure' from command line to 'False'
[0.296s] Level 5:colcon.colcon_core.verb:set package 'carry' build argument 'ament_cmake_args' from command line to 'None'
[0.296s] Level 5:colcon.colcon_core.verb:set package 'carry' build argument 'catkin_cmake_args' from command line to 'None'
[0.296s] Level 5:colcon.colcon_core.verb:set package 'carry' build argument 'catkin_skip_building_tests' from command line to 'False'
[0.296s] DEBUG:colcon.colcon_core.verb:Building package 'carry' with the following arguments: {'ament_cmake_args': None, 'build_base': '/home/oumuika/Documents/mirs2403/src/carry_project/build/carry', 'catkin_cmake_args': None, 'catkin_skip_building_tests': False, 'cmake_args': None, 'cmake_clean_cache': False, 'cmake_clean_first': False, 'cmake_force_configure': False, 'cmake_target': None, 'cmake_target_skip_unavailable': False, 'install_base': '/home/oumuika/Documents/mirs2403/src/carry_project/install/carry', 'merge_install': False, 'path': '/home/oumuika/Documents/mirs2403/src/carry_project/carry', 'symlink_install': False, 'test_result_base': None}
[0.296s] Level 5:colcon.colcon_core.verb:set package 'carry_msgs' build argument 'cmake_args' from command line to 'None'
[0.296s] Level 5:colcon.colcon_core.verb:set package 'carry_msgs' build argument 'cmake_target' from command line to 'None'
[0.296s] Level 5:colcon.colcon_core.verb:set package 'carry_msgs' build argument 'cmake_target_skip_unavailable' from command line to 'False'
[0.296s] Level 5:colcon.colcon_core.verb:set package 'carry_msgs' build argument 'cmake_clean_cache' from command line to 'False'
[0.296s] Level 5:colcon.colcon_core.verb:set package 'carry_msgs' build argument 'cmake_clean_first' from command line to 'False'
[0.296s] Level 5:colcon.colcon_core.verb:set package 'carry_msgs' build argument 'cmake_force_configure' from command line to 'False'
[0.296s] Level 5:colcon.colcon_core.verb:set package 'carry_msgs' build argument 'ament_cmake_args' from command line to 'None'
[0.296s] Level 5:colcon.colcon_core.verb:set package 'carry_msgs' build argument 'catkin_cmake_args' from command line to 'None'
[0.296s] Level 5:colcon.colcon_core.verb:set package 'carry_msgs' build argument 'catkin_skip_building_tests' from command line to 'False'
[0.296s] DEBUG:colcon.colcon_core.verb:Building package 'carry_msgs' with the following arguments: {'ament_cmake_args': None, 'build_base': '/home/oumuika/Documents/mirs2403/src/carry_project/build/carry_msgs', 'catkin_cmake_args': None, 'catkin_skip_building_tests': False, 'cmake_args': None, 'cmake_clean_cache': False, 'cmake_clean_first': False, 'cmake_force_configure': False, 'cmake_target': None, 'cmake_target_skip_unavailable': False, 'install_base': '/home/oumuika/Documents/mirs2403/src/carry_project/install/carry_msgs', 'merge_install': False, 'path': '/home/oumuika/Documents/mirs2403/src/carry_project/carry_msgs', 'symlink_install': False, 'test_result_base': None}
[0.296s] INFO:colcon.colcon_core.executor:Executing jobs using 'parallel' executor
[0.297s] DEBUG:colcon.colcon_parallel_executor.executor.parallel:run_until_complete
[0.297s] INFO:colcon.colcon_ros.task.ament_cmake.build:Building ROS package in '/home/oumuika/Documents/mirs2403/src/carry_project/carry' with build type 'ament_cmake'
[0.297s] INFO:colcon.colcon_cmake.task.cmake.build:Building CMake package in '/home/oumuika/Documents/mirs2403/src/carry_project/carry'
[0.299s] INFO:colcon.colcon_core.plugin_system:Skipping extension 'colcon_core.shell.bat': Not used on non-Windows systems
[0.299s] INFO:colcon.colcon_core.shell:Skip shell extension 'powershell' for command environment: Not usable outside of PowerShell
[0.299s] DEBUG:colcon.colcon_core.shell:Skip shell extension 'dsv' for command environment
[0.303s] INFO:colcon.colcon_ros.task.ament_cmake.build:Building ROS package in '/home/oumuika/Documents/mirs2403/src/carry_project/carry_msgs' with build type 'ament_cmake'
[0.303s] INFO:colcon.colcon_cmake.task.cmake.build:Building CMake package in '/home/oumuika/Documents/mirs2403/src/carry_project/carry_msgs'
[0.303s] INFO:colcon.colcon_core.shell:Skip shell extension 'powershell' for command environment: Not usable outside of PowerShell
[0.304s] DEBUG:colcon.colcon_core.shell:Skip shell extension 'dsv' for command environment
[0.311s] DEBUG:colcon.colcon_core.event_handler.log_command:Invoking command in '/home/oumuika/Documents/mirs2403/src/carry_project/build/carry': CMAKE_PREFIX_PATH=${CMAKE_PREFIX_PATH}:/home/oumuika/Documents/mirs2403/install/web_with_ros2:/home/oumuika/Documents/mirs2403/install/ros2bag_extensions:/opt/ros/humble /usr/bin/cmake --build /home/oumuika/Documents/mirs2403/src/carry_project/build/carry -- -j16 -l16
[0.315s] DEBUG:colcon.colcon_core.event_handler.log_command:Invoking command in '/home/oumuika/Documents/mirs2403/src/carry_project/build/carry_msgs': CMAKE_PREFIX_PATH=${CMAKE_PREFIX_PATH}:/home/oumuika/Documents/mirs2403/install/web_with_ros2:/home/oumuika/Documents/mirs2403/install/ros2bag_extensions:/opt/ros/humble /usr/bin/cmake --build /home/oumuika/Documents/mirs2403/src/carry_project/build/carry_msgs -- -j16 -l16
[0.354s] DEBUG:colcon.colcon_core.event_handler.log_command:Invoked command in '/home/oumuika/Documents/mirs2403/src/carry_project/build/carry_msgs' returned '0': CMAKE_PREFIX_PATH=${CMAKE_PREFIX_PATH}:/home/oumuika/Documents/mirs2403/install/web_with_ros2:/home/oumuika/Documents/mirs2403/install/ros2bag_extensions:/opt/ros/humble /usr/bin/cmake --build /home/oumuika/Documents/mirs2403/src/carry_project/build/carry_msgs -- -j16 -l16
[0.388s] DEBUG:colcon.colcon_core.event_handler.log_command:Invoking command in '/home/oumuika/Documents/mirs2403/src/carry_project/build/carry_msgs': CMAKE_PREFIX_PATH=${CMAKE_PREFIX_PATH}:/home/oumuika/Documents/mirs2403/install/web_with_ros2:/home/oumuika/Documents/mirs2403/install/ros2bag_extensions:/opt/ros/humble /usr/bin/cmake --install /home/oumuika/Documents/mirs2403/src/carry_project/build/carry_msgs
[0.397s] Level 1:colcon.colcon_core.environment:create_environment_scripts_only(carry_msgs)
[0.397s] DEBUG:colcon.colcon_core.event_handler.log_command:Invoked command in '/home/oumuika/Documents/mirs2403/src/carry_project/build/carry_msgs' returned '0': CMAKE_PREFIX_PATH=${CMAKE_PREFIX_PATH}:/home/oumuika/Documents/mirs2403/install/web_with_ros2:/home/oumuika/Documents/mirs2403/install/ros2bag_extensions:/opt/ros/humble /usr/bin/cmake --install /home/oumuika/Documents/mirs2403/src/carry_project/build/carry_msgs
[0.399s] Level 1:colcon.colcon_core.environment:checking '/home/oumuika/Documents/mirs2403/src/carry_project/install/carry_msgs' for CMake module files
[0.399s] Level 1:colcon.colcon_core.environment:checking '/home/oumuika/Documents/mirs2403/src/carry_project/install/carry_msgs' for CMake config files
[0.399s] Level 1:colcon.colcon_core.shell:create_environment_hook('carry_msgs', 'cmake_prefix_path')
[0.399s] INFO:colcon.colcon_core.shell:Creating environment hook '/home/oumuika/Documents/mirs2403/src/carry_project/install/carry_msgs/share/carry_msgs/hook/cmake_prefix_path.ps1'
[0.400s] INFO:colcon.colcon_core.shell:Creating environment descriptor '/home/oumuika/Documents/mirs2403/src/carry_project/install/carry_msgs/share/carry_msgs/hook/cmake_prefix_path.dsv'
[0.400s] INFO:colcon.colcon_core.shell:Creating environment hook '/home/oumuika/Documents/mirs2403/src/carry_project/install/carry_msgs/share/carry_msgs/hook/cmake_prefix_path.sh'
[0.401s] Level 1:colcon.colcon_core.environment:checking '/home/oumuika/Documents/mirs2403/src/carry_project/install/carry_msgs/bin'
[0.401s] Level 1:colcon.colcon_core.environment:checking '/home/oumuika/Documents/mirs2403/src/carry_project/install/carry_msgs/lib/pkgconfig/carry_msgs.pc'
[0.401s] Level 1:colcon.colcon_core.environment:checking '/home/oumuika/Documents/mirs2403/src/carry_project/install/carry_msgs/lib/python3.10/site-packages'
[0.401s] Level 1:colcon.colcon_core.environment:checking '/home/oumuika/Documents/mirs2403/src/carry_project/install/carry_msgs/bin'
[0.401s] INFO:colcon.colcon_core.shell:Creating package script '/home/oumuika/Documents/mirs2403/src/carry_project/install/carry_msgs/share/carry_msgs/package.ps1'
[0.402s] INFO:colcon.colcon_core.shell:Creating package descriptor '/home/oumuika/Documents/mirs2403/src/carry_project/install/carry_msgs/share/carry_msgs/package.dsv'
[0.402s] INFO:colcon.colcon_core.shell:Creating package script '/home/oumuika/Documents/mirs2403/src/carry_project/install/carry_msgs/share/carry_msgs/package.sh'
[0.403s] INFO:colcon.colcon_core.shell:Creating package script '/home/oumuika/Documents/mirs2403/src/carry_project/install/carry_msgs/share/carry_msgs/package.bash'
[0.403s] INFO:colcon.colcon_core.shell:Creating package script '/home/oumuika/Documents/mirs2403/src/carry_project/install/carry_msgs/share/carry_msgs/package.zsh'
[0.404s] Level 1:colcon.colcon_core.environment:create_file_with_runtime_dependencies(/home/oumuika/Documents/mirs2403/src/carry_project/install/carry_msgs/share/colcon-core/packages/carry_msgs)
[0.429s] Level 1:colcon.colcon_core.environment:create_environment_scripts_only(carry_msgs)
[0.429s] Level 1:colcon.colcon_core.environment:checking '/home/oumuika/Documents/mirs2403/src/carry_project/install/carry_msgs' for CMake module files
[0.430s] Level 1:colcon.colcon_core.environment:checking '/home/oumuika/Documents/mirs2403/src/carry_project/install/carry_msgs' for CMake config files
[0.430s] Level 1:colcon.colcon_core.shell:create_environment_hook('carry_msgs', 'cmake_prefix_path')
[0.430s] INFO:colcon.colcon_core.shell:Creating environment hook '/home/oumuika/Documents/mirs2403/src/carry_project/install/carry_msgs/share/carry_msgs/hook/cmake_prefix_path.ps1'
[0.431s] INFO:colcon.colcon_core.shell:Creating environment descriptor '/home/oumuika/Documents/mirs2403/src/carry_project/install/carry_msgs/share/carry_msgs/hook/cmake_prefix_path.dsv'
[0.431s] INFO:colcon.colcon_core.shell:Creating environment hook '/home/oumuika/Documents/mirs2403/src/carry_project/install/carry_msgs/share/carry_msgs/hook/cmake_prefix_path.sh'
[0.432s] Level 1:colcon.colcon_core.environment:checking '/home/oumuika/Documents/mirs2403/src/carry_project/install/carry_msgs/bin'
[0.432s] Level 1:colcon.colcon_core.environment:checking '/home/oumuika/Documents/mirs2403/src/carry_project/install/carry_msgs/lib/pkgconfig/carry_msgs.pc'
[0.432s] Level 1:colcon.colcon_core.environment:checking '/home/oumuika/Documents/mirs2403/src/carry_project/install/carry_msgs/lib/python3.10/site-packages'
[0.432s] Level 1:colcon.colcon_core.environment:checking '/home/oumuika/Documents/mirs2403/src/carry_project/install/carry_msgs/bin'
[0.433s] INFO:colcon.colcon_core.shell:Creating package script '/home/oumuika/Documents/mirs2403/src/carry_project/install/carry_msgs/share/carry_msgs/package.ps1'
[0.433s] INFO:colcon.colcon_core.shell:Creating package descriptor '/home/oumuika/Documents/mirs2403/src/carry_project/install/carry_msgs/share/carry_msgs/package.dsv'
[0.434s] INFO:colcon.colcon_core.shell:Creating package script '/home/oumuika/Documents/mirs2403/src/carry_project/install/carry_msgs/share/carry_msgs/package.sh'
[0.434s] INFO:colcon.colcon_core.shell:Creating package script '/home/oumuika/Documents/mirs2403/src/carry_project/install/carry_msgs/share/carry_msgs/package.bash'
[0.435s] INFO:colcon.colcon_core.shell:Creating package script '/home/oumuika/Documents/mirs2403/src/carry_project/install/carry_msgs/share/carry_msgs/package.zsh'
[0.435s] Level 1:colcon.colcon_core.environment:create_file_with_runtime_dependencies(/home/oumuika/Documents/mirs2403/src/carry_project/install/carry_msgs/share/colcon-core/packages/carry_msgs)
[4.223s] DEBUG:colcon.colcon_core.event_handler.log_command:Invoked command in '/home/oumuika/Documents/mirs2403/src/carry_project/build/carry' returned '2': CMAKE_PREFIX_PATH=${CMAKE_PREFIX_PATH}:/home/oumuika/Documents/mirs2403/install/web_with_ros2:/home/oumuika/Documents/mirs2403/install/ros2bag_extensions:/opt/ros/humble /usr/bin/cmake --build /home/oumuika/Documents/mirs2403/src/carry_project/build/carry -- -j16 -l16
[4.265s] Level 1:colcon.colcon_core.environment:create_environment_scripts_only(carry)
[4.265s] Level 1:colcon.colcon_core.environment:checking '/home/oumuika/Documents/mirs2403/src/carry_project/install/carry' for CMake module files
[4.266s] Level 1:colcon.colcon_core.environment:checking '/home/oumuika/Documents/mirs2403/src/carry_project/install/carry' for CMake config files
[4.266s] Level 1:colcon.colcon_core.environment:checking '/home/oumuika/Documents/mirs2403/src/carry_project/install/carry/bin'
[4.266s] Level 1:colcon.colcon_core.environment:checking '/home/oumuika/Documents/mirs2403/src/carry_project/install/carry/lib/pkgconfig/carry.pc'
[4.266s] Level 1:colcon.colcon_core.environment:checking '/home/oumuika/Documents/mirs2403/src/carry_project/install/carry/lib/python3.10/site-packages'
[4.267s] Level 1:colcon.colcon_core.environment:checking '/home/oumuika/Documents/mirs2403/src/carry_project/install/carry/bin'
[4.267s] INFO:colcon.colcon_core.shell:Creating package script '/home/oumuika/Documents/mirs2403/src/carry_project/install/carry/share/carry/package.ps1'
[4.268s] INFO:colcon.colcon_core.shell:Creating package descriptor '/home/oumuika/Documents/mirs2403/src/carry_project/install/carry/share/carry/package.dsv'
[4.268s] INFO:colcon.colcon_core.shell:Creating package script '/home/oumuika/Documents/mirs2403/src/carry_project/install/carry/share/carry/package.sh'
[4.269s] INFO:colcon.colcon_core.shell:Creating package script '/home/oumuika/Documents/mirs2403/src/carry_project/install/carry/share/carry/package.bash'
[4.269s] INFO:colcon.colcon_core.shell:Creating package script '/home/oumuika/Documents/mirs2403/src/carry_project/install/carry/share/carry/package.zsh'
[4.270s] Level 1:colcon.colcon_core.environment:create_file_with_runtime_dependencies(/home/oumuika/Documents/mirs2403/src/carry_project/install/carry/share/colcon-core/packages/carry)
[4.280s] DEBUG:colcon.colcon_parallel_executor.executor.parallel:closing loop
[4.280s] DEBUG:colcon.colcon_parallel_executor.executor.parallel:loop closed
[4.281s] DEBUG:colcon.colcon_parallel_executor.executor.parallel:run_until_complete finished with '2'
[4.281s] DEBUG:colcon.colcon_core.event_reactor:joining thread
[4.287s] INFO:colcon.colcon_core.plugin_system:Skipping extension 'colcon_notification.desktop_notification.terminal_notifier': Not used on non-Darwin systems
[4.288s] INFO:colcon.colcon_core.plugin_system:Skipping extension 'colcon_notification.desktop_notification.win32': Not used on non-Windows systems
[4.288s] INFO:colcon.colcon_notification.desktop_notification:Sending desktop notification using 'notify2'
[4.300s] DEBUG:colcon.colcon_core.event_reactor:joined thread
[4.301s] INFO:colcon.colcon_core.shell:Creating prefix script '/home/oumuika/Documents/mirs2403/src/carry_project/install/local_setup.ps1'
[4.303s] INFO:colcon.colcon_core.shell:Creating prefix util module '/home/oumuika/Documents/mirs2403/src/carry_project/install/_local_setup_util_ps1.py'
[4.306s] INFO:colcon.colcon_core.shell:Creating prefix chain script '/home/oumuika/Documents/mirs2403/src/carry_project/install/setup.ps1'
[4.310s] INFO:colcon.colcon_core.shell:Creating prefix script '/home/oumuika/Documents/mirs2403/src/carry_project/install/local_setup.sh'
[4.311s] INFO:colcon.colcon_core.shell:Creating prefix util module '/home/oumuika/Documents/mirs2403/src/carry_project/install/_local_setup_util_sh.py'
[4.312s] INFO:colcon.colcon_core.shell:Creating prefix chain script '/home/oumuika/Documents/mirs2403/src/carry_project/install/setup.sh'
[4.315s] INFO:colcon.colcon_core.shell:Creating prefix script '/home/oumuika/Documents/mirs2403/src/carry_project/install/local_setup.bash'
[4.316s] INFO:colcon.colcon_core.shell:Creating prefix chain script '/home/oumuika/Documents/mirs2403/src/carry_project/install/setup.bash'
[4.318s] INFO:colcon.colcon_core.shell:Creating prefix script '/home/oumuika/Documents/mirs2403/src/carry_project/install/local_setup.zsh'
[4.319s] INFO:colcon.colcon_core.shell:Creating prefix chain script '/home/oumuika/Documents/mirs2403/src/carry_project/install/setup.zsh'
