[0.077s] DEBUG:colcon:Command line arguments: ['/usr/bin/colcon', 'build']
[0.077s] DEBUG:colcon:Parsed command line arguments: Namespace(log_base=None, log_level=None, verb_name='build', build_base='build', install_base='install', merge_install=False, symlink_install=False, test_result_base=None, continue_on_error=False, executor='parallel', parallel_workers=16, event_handlers=None, ignore_user_meta=False, metas=['./colcon.meta'], base_paths=['.'], packages_ignore=None, packages_ignore_regex=None, paths=None, packages_up_to=None, packages_up_to_regex=None, packages_above=None, packages_above_and_dependencies=None, packages_above_depth=None, packages_select_by_dep=None, packages_skip_by_dep=None, packages_skip_up_to=None, packages_select_build_failed=False, packages_skip_build_finished=False, packages_select_test_failures=False, packages_skip_test_passed=False, packages_select=None, packages_skip=None, packages_select_regex=None, packages_skip_regex=None, packages_start=None, packages_end=None, allow_overriding=[], cmake_args=None, cmake_target=None, cmake_target_skip_unavailable=False, cmake_clean_cache=False, cmake_clean_first=False, cmake_force_configure=False, ament_cmake_args=None, catkin_cmake_args=None, catkin_skip_building_tests=False, verb_parser=<colcon_defaults.argument_parser.defaults.DefaultArgumentsDecorator object at 0x740d6e049e10>, verb_extension=<colcon_core.verb.build.BuildVerb object at 0x740d6e049510>, main=<bound method BuildVerb.main of <colcon_core.verb.build.BuildVerb object at 0x740d6e049510>>)
[0.216s] Level 1:colcon.colcon_core.package_discovery:discover_packages(colcon_meta) check parameters
[0.216s] Level 1:colcon.colcon_core.package_discovery:discover_packages(recursive) check parameters
[0.216s] Level 1:colcon.colcon_core.package_discovery:discover_packages(ignore) check parameters
[0.216s] Level 1:colcon.colcon_core.package_discovery:discover_packages(path) check parameters
[0.216s] Level 1:colcon.colcon_core.package_discovery:discover_packages(colcon_meta) discover
[0.216s] Level 1:colcon.colcon_core.package_discovery:discover_packages(recursive) discover
[0.216s] INFO:colcon.colcon_core.package_discovery:Crawling recursively for packages in '/home/oumuika/Documents/mirs2403/src/carry_project'
[0.216s] Level 1:colcon.colcon_core.package_identification:_identify(.) by extensions ['ignore', 'ignore_ament_install']
[0.216s] Level 1:colcon.colcon_core.package_identification:_identify(.) by extension 'ignore'
[0.216s] Level 1:colcon.colcon_core.package_identification:_identify(.) by extension 'ignore_ament_install'
[0.217s] Level 1:colcon.colcon_core.package_identification:_identify(.) by extensions ['colcon_pkg']
[0.217s] Level 1:colcon.colcon_core.package_identification:_identify(.) by extension 'colcon_pkg'
[0.217s] Level 1:colcon.colcon_core.package_identification:_identify(.) by extensions ['colcon_meta']
[0.217s] Level 1:colcon.colcon_core.package_identification:_identify(.) by extension 'colcon_meta'
[0.217s] Level 1:colcon.colcon_core.package_identification:_identify(.) by extensions ['ros']
[0.217s] Level 1:colcon.colcon_core.package_identification:_identify(.) by extension 'ros'
[0.225s] Level 1:colcon.colcon_core.package_identification:_identify(.) by extensions ['cmake', 'python']
[0.225s] Level 1:colcon.colcon_core.package_identification:_identify(.) by extension 'cmake'
[0.225s] Level 1:colcon.colcon_core.package_identification:_identify(.) by extension 'python'
[0.225s] Level 1:colcon.colcon_core.package_identification:_identify(.) by extensions ['python_setup_py']
[0.225s] Level 1:colcon.colcon_core.package_identification:_identify(.) by extension 'python_setup_py'
[0.225s] Level 1:colcon.colcon_core.package_identification:_identify(build) by extensions ['ignore', 'ignore_ament_install']
[0.225s] Level 1:colcon.colcon_core.package_identification:_identify(build) by extension 'ignore'
[0.225s] Level 1:colcon.colcon_core.package_identification:_identify(build) ignored
[0.225s] Level 1:colcon.colcon_core.package_identification:_identify(carry) by extensions ['ignore', 'ignore_ament_install']
[0.225s] Level 1:colcon.colcon_core.package_identification:_identify(carry) by extension 'ignore'
[0.225s] Level 1:colcon.colcon_core.package_identification:_identify(carry) by extension 'ignore_ament_install'
[0.225s] Level 1:colcon.colcon_core.package_identification:_identify(carry) by extensions ['colcon_pkg']
[0.225s] Level 1:colcon.colcon_core.package_identification:_identify(carry) by extension 'colcon_pkg'
[0.225s] Level 1:colcon.colcon_core.package_identification:_identify(carry) by extensions ['colcon_meta']
[0.225s] Level 1:colcon.colcon_core.package_identification:_identify(carry) by extension 'colcon_meta'
[0.225s] Level 1:colcon.colcon_core.package_identification:_identify(carry) by extensions ['ros']
[0.225s] Level 1:colcon.colcon_core.package_identification:_identify(carry) by extension 'ros'
[0.228s] DEBUG:colcon.colcon_core.package_identification:Package 'carry' with type 'ros.ament_cmake' and name 'carry'
[0.228s] Level 1:colcon.colcon_core.package_identification:_identify(carry_msgs) by extensions ['ignore', 'ignore_ament_install']
[0.228s] Level 1:colcon.colcon_core.package_identification:_identify(carry_msgs) by extension 'ignore'
[0.228s] Level 1:colcon.colcon_core.package_identification:_identify(carry_msgs) by extension 'ignore_ament_install'
[0.228s] Level 1:colcon.colcon_core.package_identification:_identify(carry_msgs) by extensions ['colcon_pkg']
[0.228s] Level 1:colcon.colcon_core.package_identification:_identify(carry_msgs) by extension 'colcon_pkg'
[0.228s] Level 1:colcon.colcon_core.package_identification:_identify(carry_msgs) by extensions ['colcon_meta']
[0.228s] Level 1:colcon.colcon_core.package_identification:_identify(carry_msgs) by extension 'colcon_meta'
[0.228s] Level 1:colcon.colcon_core.package_identification:_identify(carry_msgs) by extensions ['ros']
[0.228s] Level 1:colcon.colcon_core.package_identification:_identify(carry_msgs) by extension 'ros'
[0.228s] DEBUG:colcon.colcon_core.package_identification:Package 'carry_msgs' with type 'ros.ament_cmake' and name 'carry_msgs'
[0.228s] Level 1:colcon.colcon_core.package_identification:_identify(install) by extensions ['ignore', 'ignore_ament_install']
[0.228s] Level 1:colcon.colcon_core.package_identification:_identify(install) by extension 'ignore'
[0.228s] Level 1:colcon.colcon_core.package_identification:_identify(install) ignored
[0.229s] Level 1:colcon.colcon_core.package_identification:_identify(log) by extensions ['ignore', 'ignore_ament_install']
[0.229s] Level 1:colcon.colcon_core.package_identification:_identify(log) by extension 'ignore'
[0.229s] Level 1:colcon.colcon_core.package_identification:_identify(log) ignored
[0.229s] Level 1:colcon.colcon_core.package_discovery:discover_packages(recursive) using defaults
[0.229s] Level 1:colcon.colcon_core.package_discovery:discover_packages(ignore) discover
[0.229s] Level 1:colcon.colcon_core.package_discovery:discover_packages(ignore) using defaults
[0.229s] Level 1:colcon.colcon_core.package_discovery:discover_packages(path) discover
[0.229s] Level 1:colcon.colcon_core.package_discovery:discover_packages(path) using defaults
[0.250s] Level 1:colcon.colcon_core.package_discovery:discover_packages(prefix_path) check parameters
[0.250s] Level 1:colcon.colcon_core.package_discovery:discover_packages(prefix_path) discover
[0.252s] DEBUG:colcon.colcon_installed_package_information.package_discovery:Found 17 installed packages in /home/oumuika/Documents/mirs2403/install
[0.254s] DEBUG:colcon.colcon_installed_package_information.package_discovery:Found 406 installed packages in /opt/ros/humble
[0.256s] Level 1:colcon.colcon_core.package_discovery:discover_packages(prefix_path) using defaults
[0.293s] Level 5:colcon.colcon_core.verb:set package 'carry' build argument 'cmake_args' from command line to 'None'
[0.293s] Level 5:colcon.colcon_core.verb:set package 'carry' build argument 'cmake_target' from command line to 'None'
[0.293s] Level 5:colcon.colcon_core.verb:set package 'carry' build argument 'cmake_target_skip_unavailable' from command line to 'False'
[0.293s] Level 5:colcon.colcon_core.verb:set package 'carry' build argument 'cmake_clean_cache' from command line to 'False'
[0.293s] Level 5:colcon.colcon_core.verb:set package 'carry' build argument 'cmake_clean_first' from command line to 'False'
[0.293s] Level 5:colcon.colcon_core.verb:set package 'carry' build argument 'cmake_force_configure' from command line to 'False'
[0.293s] Level 5:colcon.colcon_core.verb:set package 'carry' build argument 'ament_cmake_args' from command line to 'None'
[0.293s] Level 5:colcon.colcon_core.verb:set package 'carry' build argument 'catkin_cmake_args' from command line to 'None'
[0.293s] Level 5:colcon.colcon_core.verb:set package 'carry' build argument 'catkin_skip_building_tests' from command line to 'False'
[0.294s] DEBUG:colcon.colcon_core.verb:Building package 'carry' with the following arguments: {'ament_cmake_args': None, 'build_base': '/home/oumuika/Documents/mirs2403/src/carry_project/build/carry', 'catkin_cmake_args': None, 'catkin_skip_building_tests': False, 'cmake_args': None, 'cmake_clean_cache': False, 'cmake_clean_first': False, 'cmake_force_configure': False, 'cmake_target': None, 'cmake_target_skip_unavailable': False, 'install_base': '/home/oumuika/Documents/mirs2403/src/carry_project/install/carry', 'merge_install': False, 'path': '/home/oumuika/Documents/mirs2403/src/carry_project/carry', 'symlink_install': False, 'test_result_base': None}
[0.294s] Level 5:colcon.colcon_core.verb:set package 'carry_msgs' build argument 'cmake_args' from command line to 'None'
[0.294s] Level 5:colcon.colcon_core.verb:set package 'carry_msgs' build argument 'cmake_target' from command line to 'None'
[0.294s] Level 5:colcon.colcon_core.verb:set package 'carry_msgs' build argument 'cmake_target_skip_unavailable' from command line to 'False'
[0.294s] Level 5:colcon.colcon_core.verb:set package 'carry_msgs' build argument 'cmake_clean_cache' from command line to 'False'
[0.294s] Level 5:colcon.colcon_core.verb:set package 'carry_msgs' build argument 'cmake_clean_first' from command line to 'False'
[0.294s] Level 5:colcon.colcon_core.verb:set package 'carry_msgs' build argument 'cmake_force_configure' from command line to 'False'
[0.294s] Level 5:colcon.colcon_core.verb:set package 'carry_msgs' build argument 'ament_cmake_args' from command line to 'None'
[0.294s] Level 5:colcon.colcon_core.verb:set package 'carry_msgs' build argument 'catkin_cmake_args' from command line to 'None'
[0.294s] Level 5:colcon.colcon_core.verb:set package 'carry_msgs' build argument 'catkin_skip_building_tests' from command line to 'False'
[0.294s] DEBUG:colcon.colcon_core.verb:Building package 'carry_msgs' with the following arguments: {'ament_cmake_args': None, 'build_base': '/home/oumuika/Documents/mirs2403/src/carry_project/build/carry_msgs', 'catkin_cmake_args': None, 'catkin_skip_building_tests': False, 'cmake_args': None, 'cmake_clean_cache': False, 'cmake_clean_first': False, 'cmake_force_configure': False, 'cmake_target': None, 'cmake_target_skip_unavailable': False, 'install_base': '/home/oumuika/Documents/mirs2403/src/carry_project/install/carry_msgs', 'merge_install': False, 'path': '/home/oumuika/Documents/mirs2403/src/carry_project/carry_msgs', 'symlink_install': False, 'test_result_base': None}
[0.294s] INFO:colcon.colcon_core.executor:Executing jobs using 'parallel' executor
[0.295s] DEBUG:colcon.colcon_parallel_executor.executor.parallel:run_until_complete
[0.295s] INFO:colcon.colcon_ros.task.ament_cmake.build:Building ROS package in '/home/oumuika/Documents/mirs2403/src/carry_project/carry' with build type 'ament_cmake'
[0.295s] INFO:colcon.colcon_cmake.task.cmake.build:Building CMake package in '/home/oumuika/Documents/mirs2403/src/carry_project/carry'
[0.296s] INFO:colcon.colcon_core.plugin_system:Skipping extension 'colcon_core.shell.bat': Not used on non-Windows systems
[0.297s] INFO:colcon.colcon_core.shell:Skip shell extension 'powershell' for command environment: Not usable outside of PowerShell
[0.297s] DEBUG:colcon.colcon_core.shell:Skip shell extension 'dsv' for command environment
[0.301s] INFO:colcon.colcon_ros.task.ament_cmake.build:Building ROS package in '/home/oumuika/Documents/mirs2403/src/carry_project/carry_msgs' with build type 'ament_cmake'
[0.301s] INFO:colcon.colcon_cmake.task.cmake.build:Building CMake package in '/home/oumuika/Documents/mirs2403/src/carry_project/carry_msgs'
[0.301s] INFO:colcon.colcon_core.shell:Skip shell extension 'powershell' for command environment: Not usable outside of PowerShell
[0.301s] DEBUG:colcon.colcon_core.shell:Skip shell extension 'dsv' for command environment
[0.310s] DEBUG:colcon.colcon_core.event_handler.log_command:Invoking command in '/home/oumuika/Documents/mirs2403/src/carry_project/build/carry': CMAKE_PREFIX_PATH=${CMAKE_PREFIX_PATH}:/home/oumuika/Documents/mirs2403/install/web_with_ros2:/home/oumuika/Documents/mirs2403/install/ros2bag_extensions:/opt/ros/humble /usr/bin/cmake --build /home/oumuika/Documents/mirs2403/src/carry_project/build/carry -- -j16 -l16
[0.313s] DEBUG:colcon.colcon_core.event_handler.log_command:Invoking command in '/home/oumuika/Documents/mirs2403/src/carry_project/build/carry_msgs': CMAKE_PREFIX_PATH=${CMAKE_PREFIX_PATH}:/home/oumuika/Documents/mirs2403/install/web_with_ros2:/home/oumuika/Documents/mirs2403/install/ros2bag_extensions:/opt/ros/humble /usr/bin/cmake --build /home/oumuika/Documents/mirs2403/src/carry_project/build/carry_msgs -- -j16 -l16
[0.356s] DEBUG:colcon.colcon_core.event_handler.log_command:Invoked command in '/home/oumuika/Documents/mirs2403/src/carry_project/build/carry_msgs' returned '0': CMAKE_PREFIX_PATH=${CMAKE_PREFIX_PATH}:/home/oumuika/Documents/mirs2403/install/web_with_ros2:/home/oumuika/Documents/mirs2403/install/ros2bag_extensions:/opt/ros/humble /usr/bin/cmake --build /home/oumuika/Documents/mirs2403/src/carry_project/build/carry_msgs -- -j16 -l16
[0.391s] DEBUG:colcon.colcon_core.event_handler.log_command:Invoking command in '/home/oumuika/Documents/mirs2403/src/carry_project/build/carry_msgs': CMAKE_PREFIX_PATH=${CMAKE_PREFIX_PATH}:/home/oumuika/Documents/mirs2403/install/web_with_ros2:/home/oumuika/Documents/mirs2403/install/ros2bag_extensions:/opt/ros/humble /usr/bin/cmake --install /home/oumuika/Documents/mirs2403/src/carry_project/build/carry_msgs
[0.402s] Level 1:colcon.colcon_core.environment:create_environment_scripts_only(carry_msgs)
[0.402s] DEBUG:colcon.colcon_core.event_handler.log_command:Invoked command in '/home/oumuika/Documents/mirs2403/src/carry_project/build/carry_msgs' returned '0': CMAKE_PREFIX_PATH=${CMAKE_PREFIX_PATH}:/home/oumuika/Documents/mirs2403/install/web_with_ros2:/home/oumuika/Documents/mirs2403/install/ros2bag_extensions:/opt/ros/humble /usr/bin/cmake --install /home/oumuika/Documents/mirs2403/src/carry_project/build/carry_msgs
[0.404s] Level 1:colcon.colcon_core.environment:checking '/home/oumuika/Documents/mirs2403/src/carry_project/install/carry_msgs' for CMake module files
[0.405s] Level 1:colcon.colcon_core.environment:checking '/home/oumuika/Documents/mirs2403/src/carry_project/install/carry_msgs' for CMake config files
[0.405s] Level 1:colcon.colcon_core.shell:create_environment_hook('carry_msgs', 'cmake_prefix_path')
[0.405s] INFO:colcon.colcon_core.shell:Creating environment hook '/home/oumuika/Documents/mirs2403/src/carry_project/install/carry_msgs/share/carry_msgs/hook/cmake_prefix_path.ps1'
[0.406s] INFO:colcon.colcon_core.shell:Creating environment descriptor '/home/oumuika/Documents/mirs2403/src/carry_project/install/carry_msgs/share/carry_msgs/hook/cmake_prefix_path.dsv'
[0.407s] INFO:colcon.colcon_core.shell:Creating environment hook '/home/oumuika/Documents/mirs2403/src/carry_project/install/carry_msgs/share/carry_msgs/hook/cmake_prefix_path.sh'
[0.408s] Level 1:colcon.colcon_core.environment:checking '/home/oumuika/Documents/mirs2403/src/carry_project/install/carry_msgs/bin'
[0.408s] Level 1:colcon.colcon_core.environment:checking '/home/oumuika/Documents/mirs2403/src/carry_project/install/carry_msgs/lib/pkgconfig/carry_msgs.pc'
[0.409s] Level 1:colcon.colcon_core.environment:checking '/home/oumuika/Documents/mirs2403/src/carry_project/install/carry_msgs/lib/python3.10/site-packages'
[0.409s] Level 1:colcon.colcon_core.environment:checking '/home/oumuika/Documents/mirs2403/src/carry_project/install/carry_msgs/bin'
[0.409s] INFO:colcon.colcon_core.shell:Creating package script '/home/oumuika/Documents/mirs2403/src/carry_project/install/carry_msgs/share/carry_msgs/package.ps1'
[0.411s] INFO:colcon.colcon_core.shell:Creating package descriptor '/home/oumuika/Documents/mirs2403/src/carry_project/install/carry_msgs/share/carry_msgs/package.dsv'
[0.411s] INFO:colcon.colcon_core.shell:Creating package script '/home/oumuika/Documents/mirs2403/src/carry_project/install/carry_msgs/share/carry_msgs/package.sh'
[0.413s] INFO:colcon.colcon_core.shell:Creating package script '/home/oumuika/Documents/mirs2403/src/carry_project/install/carry_msgs/share/carry_msgs/package.bash'
[0.414s] INFO:colcon.colcon_core.shell:Creating package script '/home/oumuika/Documents/mirs2403/src/carry_project/install/carry_msgs/share/carry_msgs/package.zsh'
[0.414s] Level 1:colcon.colcon_core.environment:create_file_with_runtime_dependencies(/home/oumuika/Documents/mirs2403/src/carry_project/install/carry_msgs/share/colcon-core/packages/carry_msgs)
[0.439s] Level 1:colcon.colcon_core.environment:create_environment_scripts_only(carry_msgs)
[0.439s] Level 1:colcon.colcon_core.environment:checking '/home/oumuika/Documents/mirs2403/src/carry_project/install/carry_msgs' for CMake module files
[0.439s] Level 1:colcon.colcon_core.environment:checking '/home/oumuika/Documents/mirs2403/src/carry_project/install/carry_msgs' for CMake config files
[0.440s] Level 1:colcon.colcon_core.shell:create_environment_hook('carry_msgs', 'cmake_prefix_path')
[0.440s] INFO:colcon.colcon_core.shell:Creating environment hook '/home/oumuika/Documents/mirs2403/src/carry_project/install/carry_msgs/share/carry_msgs/hook/cmake_prefix_path.ps1'
[0.440s] INFO:colcon.colcon_core.shell:Creating environment descriptor '/home/oumuika/Documents/mirs2403/src/carry_project/install/carry_msgs/share/carry_msgs/hook/cmake_prefix_path.dsv'
[0.440s] INFO:colcon.colcon_core.shell:Creating environment hook '/home/oumuika/Documents/mirs2403/src/carry_project/install/carry_msgs/share/carry_msgs/hook/cmake_prefix_path.sh'
[0.441s] Level 1:colcon.colcon_core.environment:checking '/home/oumuika/Documents/mirs2403/src/carry_project/install/carry_msgs/bin'
[0.441s] Level 1:colcon.colcon_core.environment:checking '/home/oumuika/Documents/mirs2403/src/carry_project/install/carry_msgs/lib/pkgconfig/carry_msgs.pc'
[0.441s] Level 1:colcon.colcon_core.environment:checking '/home/oumuika/Documents/mirs2403/src/carry_project/install/carry_msgs/lib/python3.10/site-packages'
[0.441s] Level 1:colcon.colcon_core.environment:checking '/home/oumuika/Documents/mirs2403/src/carry_project/install/carry_msgs/bin'
[0.441s] INFO:colcon.colcon_core.shell:Creating package script '/home/oumuika/Documents/mirs2403/src/carry_project/install/carry_msgs/share/carry_msgs/package.ps1'
[0.442s] INFO:colcon.colcon_core.shell:Creating package descriptor '/home/oumuika/Documents/mirs2403/src/carry_project/install/carry_msgs/share/carry_msgs/package.dsv'
[0.442s] INFO:colcon.colcon_core.shell:Creating package script '/home/oumuika/Documents/mirs2403/src/carry_project/install/carry_msgs/share/carry_msgs/package.sh'
[0.442s] INFO:colcon.colcon_core.shell:Creating package script '/home/oumuika/Documents/mirs2403/src/carry_project/install/carry_msgs/share/carry_msgs/package.bash'
[0.442s] INFO:colcon.colcon_core.shell:Creating package script '/home/oumuika/Documents/mirs2403/src/carry_project/install/carry_msgs/share/carry_msgs/package.zsh'
[0.443s] Level 1:colcon.colcon_core.environment:create_file_with_runtime_dependencies(/home/oumuika/Documents/mirs2403/src/carry_project/install/carry_msgs/share/colcon-core/packages/carry_msgs)
[7.734s] DEBUG:colcon.colcon_core.event_handler.log_command:Invoked command in '/home/oumuika/Documents/mirs2403/src/carry_project/build/carry' returned '0': CMAKE_PREFIX_PATH=${CMAKE_PREFIX_PATH}:/home/oumuika/Documents/mirs2403/install/web_with_ros2:/home/oumuika/Documents/mirs2403/install/ros2bag_extensions:/opt/ros/humble /usr/bin/cmake --build /home/oumuika/Documents/mirs2403/src/carry_project/build/carry -- -j16 -l16
[7.779s] DEBUG:colcon.colcon_core.event_handler.log_command:Invoking command in '/home/oumuika/Documents/mirs2403/src/carry_project/build/carry': CMAKE_PREFIX_PATH=${CMAKE_PREFIX_PATH}:/home/oumuika/Documents/mirs2403/install/web_with_ros2:/home/oumuika/Documents/mirs2403/install/ros2bag_extensions:/opt/ros/humble /usr/bin/cmake --install /home/oumuika/Documents/mirs2403/src/carry_project/build/carry
[7.798s] Level 1:colcon.colcon_core.environment:create_environment_scripts_only(carry)
[7.798s] Level 1:colcon.colcon_core.environment:checking '/home/oumuika/Documents/mirs2403/src/carry_project/install/carry' for CMake module files
[7.798s] DEBUG:colcon.colcon_core.event_handler.log_command:Invoked command in '/home/oumuika/Documents/mirs2403/src/carry_project/build/carry' returned '0': CMAKE_PREFIX_PATH=${CMAKE_PREFIX_PATH}:/home/oumuika/Documents/mirs2403/install/web_with_ros2:/home/oumuika/Documents/mirs2403/install/ros2bag_extensions:/opt/ros/humble /usr/bin/cmake --install /home/oumuika/Documents/mirs2403/src/carry_project/build/carry
[7.799s] Level 1:colcon.colcon_core.environment:checking '/home/oumuika/Documents/mirs2403/src/carry_project/install/carry' for CMake config files
[7.799s] Level 1:colcon.colcon_core.shell:create_environment_hook('carry', 'cmake_prefix_path')
[7.799s] INFO:colcon.colcon_core.shell:Creating environment hook '/home/oumuika/Documents/mirs2403/src/carry_project/install/carry/share/carry/hook/cmake_prefix_path.ps1'
[7.799s] INFO:colcon.colcon_core.shell:Creating environment descriptor '/home/oumuika/Documents/mirs2403/src/carry_project/install/carry/share/carry/hook/cmake_prefix_path.dsv'
[7.800s] INFO:colcon.colcon_core.shell:Creating environment hook '/home/oumuika/Documents/mirs2403/src/carry_project/install/carry/share/carry/hook/cmake_prefix_path.sh'
[7.800s] Level 1:colcon.colcon_core.environment:checking '/home/oumuika/Documents/mirs2403/src/carry_project/install/carry/lib'
[7.800s] Level 1:colcon.colcon_core.environment:checking '/home/oumuika/Documents/mirs2403/src/carry_project/install/carry/bin'
[7.800s] Level 1:colcon.colcon_core.environment:checking '/home/oumuika/Documents/mirs2403/src/carry_project/install/carry/lib/pkgconfig/carry.pc'
[7.801s] Level 1:colcon.colcon_core.environment:checking '/home/oumuika/Documents/mirs2403/src/carry_project/install/carry/lib/python3.10/site-packages'
[7.801s] Level 1:colcon.colcon_core.environment:checking '/home/oumuika/Documents/mirs2403/src/carry_project/install/carry/bin'
[7.801s] INFO:colcon.colcon_core.shell:Creating package script '/home/oumuika/Documents/mirs2403/src/carry_project/install/carry/share/carry/package.ps1'
[7.801s] INFO:colcon.colcon_core.shell:Creating package descriptor '/home/oumuika/Documents/mirs2403/src/carry_project/install/carry/share/carry/package.dsv'
[7.802s] INFO:colcon.colcon_core.shell:Creating package script '/home/oumuika/Documents/mirs2403/src/carry_project/install/carry/share/carry/package.sh'
[7.802s] INFO:colcon.colcon_core.shell:Creating package script '/home/oumuika/Documents/mirs2403/src/carry_project/install/carry/share/carry/package.bash'
[7.802s] INFO:colcon.colcon_core.shell:Creating package script '/home/oumuika/Documents/mirs2403/src/carry_project/install/carry/share/carry/package.zsh'
[7.803s] Level 1:colcon.colcon_core.environment:create_file_with_runtime_dependencies(/home/oumuika/Documents/mirs2403/src/carry_project/install/carry/share/colcon-core/packages/carry)
[7.850s] Level 1:colcon.colcon_core.environment:create_environment_scripts_only(carry)
[7.850s] Level 1:colcon.colcon_core.environment:checking '/home/oumuika/Documents/mirs2403/src/carry_project/install/carry' for CMake module files
[7.851s] Level 1:colcon.colcon_core.environment:checking '/home/oumuika/Documents/mirs2403/src/carry_project/install/carry' for CMake config files
[7.851s] Level 1:colcon.colcon_core.shell:create_environment_hook('carry', 'cmake_prefix_path')
[7.851s] INFO:colcon.colcon_core.shell:Creating environment hook '/home/oumuika/Documents/mirs2403/src/carry_project/install/carry/share/carry/hook/cmake_prefix_path.ps1'
[7.851s] INFO:colcon.colcon_core.shell:Creating environment descriptor '/home/oumuika/Documents/mirs2403/src/carry_project/install/carry/share/carry/hook/cmake_prefix_path.dsv'
[7.852s] INFO:colcon.colcon_core.shell:Creating environment hook '/home/oumuika/Documents/mirs2403/src/carry_project/install/carry/share/carry/hook/cmake_prefix_path.sh'
[7.852s] Level 1:colcon.colcon_core.environment:checking '/home/oumuika/Documents/mirs2403/src/carry_project/install/carry/lib'
[7.852s] Level 1:colcon.colcon_core.environment:checking '/home/oumuika/Documents/mirs2403/src/carry_project/install/carry/bin'
[7.852s] Level 1:colcon.colcon_core.environment:checking '/home/oumuika/Documents/mirs2403/src/carry_project/install/carry/lib/pkgconfig/carry.pc'
[7.852s] Level 1:colcon.colcon_core.environment:checking '/home/oumuika/Documents/mirs2403/src/carry_project/install/carry/lib/python3.10/site-packages'
[7.853s] Level 1:colcon.colcon_core.environment:checking '/home/oumuika/Documents/mirs2403/src/carry_project/install/carry/bin'
[7.853s] INFO:colcon.colcon_core.shell:Creating package script '/home/oumuika/Documents/mirs2403/src/carry_project/install/carry/share/carry/package.ps1'
[7.853s] INFO:colcon.colcon_core.shell:Creating package descriptor '/home/oumuika/Documents/mirs2403/src/carry_project/install/carry/share/carry/package.dsv'
[7.853s] INFO:colcon.colcon_core.shell:Creating package script '/home/oumuika/Documents/mirs2403/src/carry_project/install/carry/share/carry/package.sh'
[7.854s] INFO:colcon.colcon_core.shell:Creating package script '/home/oumuika/Documents/mirs2403/src/carry_project/install/carry/share/carry/package.bash'
[7.854s] INFO:colcon.colcon_core.shell:Creating package script '/home/oumuika/Documents/mirs2403/src/carry_project/install/carry/share/carry/package.zsh'
[7.854s] Level 1:colcon.colcon_core.environment:create_file_with_runtime_dependencies(/home/oumuika/Documents/mirs2403/src/carry_project/install/carry/share/colcon-core/packages/carry)
[7.854s] DEBUG:colcon.colcon_parallel_executor.executor.parallel:closing loop
[7.855s] DEBUG:colcon.colcon_parallel_executor.executor.parallel:loop closed
[7.855s] DEBUG:colcon.colcon_parallel_executor.executor.parallel:run_until_complete finished with '0'
[7.855s] DEBUG:colcon.colcon_core.event_reactor:joining thread
[7.859s] INFO:colcon.colcon_core.plugin_system:Skipping extension 'colcon_notification.desktop_notification.terminal_notifier': Not used on non-Darwin systems
[7.859s] INFO:colcon.colcon_core.plugin_system:Skipping extension 'colcon_notification.desktop_notification.win32': Not used on non-Windows systems
[7.859s] INFO:colcon.colcon_notification.desktop_notification:Sending desktop notification using 'notify2'
[7.867s] DEBUG:colcon.colcon_core.event_reactor:joined thread
[7.867s] INFO:colcon.colcon_core.shell:Creating prefix script '/home/oumuika/Documents/mirs2403/src/carry_project/install/local_setup.ps1'
[7.868s] INFO:colcon.colcon_core.shell:Creating prefix util module '/home/oumuika/Documents/mirs2403/src/carry_project/install/_local_setup_util_ps1.py'
[7.869s] INFO:colcon.colcon_core.shell:Creating prefix chain script '/home/oumuika/Documents/mirs2403/src/carry_project/install/setup.ps1'
[7.870s] INFO:colcon.colcon_core.shell:Creating prefix script '/home/oumuika/Documents/mirs2403/src/carry_project/install/local_setup.sh'
[7.871s] INFO:colcon.colcon_core.shell:Creating prefix util module '/home/oumuika/Documents/mirs2403/src/carry_project/install/_local_setup_util_sh.py'
[7.871s] INFO:colcon.colcon_core.shell:Creating prefix chain script '/home/oumuika/Documents/mirs2403/src/carry_project/install/setup.sh'
[7.872s] INFO:colcon.colcon_core.shell:Creating prefix script '/home/oumuika/Documents/mirs2403/src/carry_project/install/local_setup.bash'
[7.873s] INFO:colcon.colcon_core.shell:Creating prefix chain script '/home/oumuika/Documents/mirs2403/src/carry_project/install/setup.bash'
[7.874s] INFO:colcon.colcon_core.shell:Creating prefix script '/home/oumuika/Documents/mirs2403/src/carry_project/install/local_setup.zsh'
[7.874s] INFO:colcon.colcon_core.shell:Creating prefix chain script '/home/oumuika/Documents/mirs2403/src/carry_project/install/setup.zsh'
