[0.075s] DEBUG:colcon:Command line arguments: ['/usr/bin/colcon', 'build']
[0.075s] DEBUG:colcon:Parsed command line arguments: Namespace(log_base=None, log_level=None, verb_name='build', build_base='build', install_base='install', merge_install=False, symlink_install=False, test_result_base=None, continue_on_error=False, executor='parallel', parallel_workers=16, event_handlers=None, ignore_user_meta=False, metas=['./colcon.meta'], base_paths=['.'], packages_ignore=None, packages_ignore_regex=None, paths=None, packages_up_to=None, packages_up_to_regex=None, packages_above=None, packages_above_and_dependencies=None, packages_above_depth=None, packages_select_by_dep=None, packages_skip_by_dep=None, packages_skip_up_to=None, packages_select_build_failed=False, packages_skip_build_finished=False, packages_select_test_failures=False, packages_skip_test_passed=False, packages_select=None, packages_skip=None, packages_select_regex=None, packages_skip_regex=None, packages_start=None, packages_end=None, allow_overriding=[], cmake_args=None, cmake_target=None, cmake_target_skip_unavailable=False, cmake_clean_cache=False, cmake_clean_first=False, cmake_force_configure=False, ament_cmake_args=None, catkin_cmake_args=None, catkin_skip_building_tests=False, verb_parser=<colcon_defaults.argument_parser.defaults.DefaultArgumentsDecorator object at 0x73b996b4de10>, verb_extension=<colcon_core.verb.build.BuildVerb object at 0x73b996b4d510>, main=<bound method BuildVerb.main of <colcon_core.verb.build.BuildVerb object at 0x73b996b4d510>>)
[0.211s] Level 1:colcon.colcon_core.package_discovery:discover_packages(colcon_meta) check parameters
[0.211s] Level 1:colcon.colcon_core.package_discovery:discover_packages(recursive) check parameters
[0.211s] Level 1:colcon.colcon_core.package_discovery:discover_packages(ignore) check parameters
[0.211s] Level 1:colcon.colcon_core.package_discovery:discover_packages(path) check parameters
[0.211s] Level 1:colcon.colcon_core.package_discovery:discover_packages(colcon_meta) discover
[0.211s] Level 1:colcon.colcon_core.package_discovery:discover_packages(recursive) discover
[0.211s] INFO:colcon.colcon_core.package_discovery:Crawling recursively for packages in '/home/oumuika/Documents/mirs2403/src/carry_project'
[0.211s] Level 1:colcon.colcon_core.package_identification:_identify(.) by extensions ['ignore', 'ignore_ament_install']
[0.211s] Level 1:colcon.colcon_core.package_identification:_identify(.) by extension 'ignore'
[0.211s] Level 1:colcon.colcon_core.package_identification:_identify(.) by extension 'ignore_ament_install'
[0.211s] Level 1:colcon.colcon_core.package_identification:_identify(.) by extensions ['colcon_pkg']
[0.211s] Level 1:colcon.colcon_core.package_identification:_identify(.) by extension 'colcon_pkg'
[0.211s] Level 1:colcon.colcon_core.package_identification:_identify(.) by extensions ['colcon_meta']
[0.211s] Level 1:colcon.colcon_core.package_identification:_identify(.) by extension 'colcon_meta'
[0.211s] Level 1:colcon.colcon_core.package_identification:_identify(.) by extensions ['ros']
[0.211s] Level 1:colcon.colcon_core.package_identification:_identify(.) by extension 'ros'
[0.219s] Level 1:colcon.colcon_core.package_identification:_identify(.) by extensions ['cmake', 'python']
[0.219s] Level 1:colcon.colcon_core.package_identification:_identify(.) by extension 'cmake'
[0.219s] Level 1:colcon.colcon_core.package_identification:_identify(.) by extension 'python'
[0.220s] Level 1:colcon.colcon_core.package_identification:_identify(.) by extensions ['python_setup_py']
[0.220s] Level 1:colcon.colcon_core.package_identification:_identify(.) by extension 'python_setup_py'
[0.220s] Level 1:colcon.colcon_core.package_identification:_identify(build) by extensions ['ignore', 'ignore_ament_install']
[0.220s] Level 1:colcon.colcon_core.package_identification:_identify(build) by extension 'ignore'
[0.220s] Level 1:colcon.colcon_core.package_identification:_identify(build) ignored
[0.220s] Level 1:colcon.colcon_core.package_identification:_identify(carry) by extensions ['ignore', 'ignore_ament_install']
[0.220s] Level 1:colcon.colcon_core.package_identification:_identify(carry) by extension 'ignore'
[0.220s] Level 1:colcon.colcon_core.package_identification:_identify(carry) by extension 'ignore_ament_install'
[0.220s] Level 1:colcon.colcon_core.package_identification:_identify(carry) by extensions ['colcon_pkg']
[0.220s] Level 1:colcon.colcon_core.package_identification:_identify(carry) by extension 'colcon_pkg'
[0.220s] Level 1:colcon.colcon_core.package_identification:_identify(carry) by extensions ['colcon_meta']
[0.220s] Level 1:colcon.colcon_core.package_identification:_identify(carry) by extension 'colcon_meta'
[0.220s] Level 1:colcon.colcon_core.package_identification:_identify(carry) by extensions ['ros']
[0.220s] Level 1:colcon.colcon_core.package_identification:_identify(carry) by extension 'ros'
[0.222s] DEBUG:colcon.colcon_core.package_identification:Package 'carry' with type 'ros.ament_cmake' and name 'carry'
[0.222s] Level 1:colcon.colcon_core.package_identification:_identify(carry_msgs) by extensions ['ignore', 'ignore_ament_install']
[0.222s] Level 1:colcon.colcon_core.package_identification:_identify(carry_msgs) by extension 'ignore'
[0.222s] Level 1:colcon.colcon_core.package_identification:_identify(carry_msgs) by extension 'ignore_ament_install'
[0.222s] Level 1:colcon.colcon_core.package_identification:_identify(carry_msgs) by extensions ['colcon_pkg']
[0.222s] Level 1:colcon.colcon_core.package_identification:_identify(carry_msgs) by extension 'colcon_pkg'
[0.222s] Level 1:colcon.colcon_core.package_identification:_identify(carry_msgs) by extensions ['colcon_meta']
[0.222s] Level 1:colcon.colcon_core.package_identification:_identify(carry_msgs) by extension 'colcon_meta'
[0.223s] Level 1:colcon.colcon_core.package_identification:_identify(carry_msgs) by extensions ['ros']
[0.223s] Level 1:colcon.colcon_core.package_identification:_identify(carry_msgs) by extension 'ros'
[0.223s] DEBUG:colcon.colcon_core.package_identification:Package 'carry_msgs' with type 'ros.ament_cmake' and name 'carry_msgs'
[0.223s] Level 1:colcon.colcon_core.package_identification:_identify(install) by extensions ['ignore', 'ignore_ament_install']
[0.223s] Level 1:colcon.colcon_core.package_identification:_identify(install) by extension 'ignore'
[0.223s] Level 1:colcon.colcon_core.package_identification:_identify(install) ignored
[0.223s] Level 1:colcon.colcon_core.package_identification:_identify(log) by extensions ['ignore', 'ignore_ament_install']
[0.223s] Level 1:colcon.colcon_core.package_identification:_identify(log) by extension 'ignore'
[0.223s] Level 1:colcon.colcon_core.package_identification:_identify(log) ignored
[0.223s] Level 1:colcon.colcon_core.package_discovery:discover_packages(recursive) using defaults
[0.223s] Level 1:colcon.colcon_core.package_discovery:discover_packages(ignore) discover
[0.223s] Level 1:colcon.colcon_core.package_discovery:discover_packages(ignore) using defaults
[0.223s] Level 1:colcon.colcon_core.package_discovery:discover_packages(path) discover
[0.223s] Level 1:colcon.colcon_core.package_discovery:discover_packages(path) using defaults
[0.249s] Level 1:colcon.colcon_core.package_discovery:discover_packages(prefix_path) check parameters
[0.249s] Level 1:colcon.colcon_core.package_discovery:discover_packages(prefix_path) discover
[0.252s] DEBUG:colcon.colcon_installed_package_information.package_discovery:Found 17 installed packages in /home/oumuika/Documents/mirs2403/install
[0.254s] DEBUG:colcon.colcon_installed_package_information.package_discovery:Found 406 installed packages in /opt/ros/humble
[0.256s] Level 1:colcon.colcon_core.package_discovery:discover_packages(prefix_path) using defaults
[0.294s] Level 5:colcon.colcon_core.verb:set package 'carry' build argument 'cmake_args' from command line to 'None'
[0.294s] Level 5:colcon.colcon_core.verb:set package 'carry' build argument 'cmake_target' from command line to 'None'
[0.294s] Level 5:colcon.colcon_core.verb:set package 'carry' build argument 'cmake_target_skip_unavailable' from command line to 'False'
[0.294s] Level 5:colcon.colcon_core.verb:set package 'carry' build argument 'cmake_clean_cache' from command line to 'False'
[0.294s] Level 5:colcon.colcon_core.verb:set package 'carry' build argument 'cmake_clean_first' from command line to 'False'
[0.294s] Level 5:colcon.colcon_core.verb:set package 'carry' build argument 'cmake_force_configure' from command line to 'False'
[0.294s] Level 5:colcon.colcon_core.verb:set package 'carry' build argument 'ament_cmake_args' from command line to 'None'
[0.294s] Level 5:colcon.colcon_core.verb:set package 'carry' build argument 'catkin_cmake_args' from command line to 'None'
[0.294s] Level 5:colcon.colcon_core.verb:set package 'carry' build argument 'catkin_skip_building_tests' from command line to 'False'
[0.294s] DEBUG:colcon.colcon_core.verb:Building package 'carry' with the following arguments: {'ament_cmake_args': None, 'build_base': '/home/oumuika/Documents/mirs2403/src/carry_project/build/carry', 'catkin_cmake_args': None, 'catkin_skip_building_tests': False, 'cmake_args': None, 'cmake_clean_cache': False, 'cmake_clean_first': False, 'cmake_force_configure': False, 'cmake_target': None, 'cmake_target_skip_unavailable': False, 'install_base': '/home/oumuika/Documents/mirs2403/src/carry_project/install/carry', 'merge_install': False, 'path': '/home/oumuika/Documents/mirs2403/src/carry_project/carry', 'symlink_install': False, 'test_result_base': None}
[0.295s] Level 5:colcon.colcon_core.verb:set package 'carry_msgs' build argument 'cmake_args' from command line to 'None'
[0.295s] Level 5:colcon.colcon_core.verb:set package 'carry_msgs' build argument 'cmake_target' from command line to 'None'
[0.295s] Level 5:colcon.colcon_core.verb:set package 'carry_msgs' build argument 'cmake_target_skip_unavailable' from command line to 'False'
[0.295s] Level 5:colcon.colcon_core.verb:set package 'carry_msgs' build argument 'cmake_clean_cache' from command line to 'False'
[0.295s] Level 5:colcon.colcon_core.verb:set package 'carry_msgs' build argument 'cmake_clean_first' from command line to 'False'
[0.295s] Level 5:colcon.colcon_core.verb:set package 'carry_msgs' build argument 'cmake_force_configure' from command line to 'False'
[0.295s] Level 5:colcon.colcon_core.verb:set package 'carry_msgs' build argument 'ament_cmake_args' from command line to 'None'
[0.295s] Level 5:colcon.colcon_core.verb:set package 'carry_msgs' build argument 'catkin_cmake_args' from command line to 'None'
[0.295s] Level 5:colcon.colcon_core.verb:set package 'carry_msgs' build argument 'catkin_skip_building_tests' from command line to 'False'
[0.295s] DEBUG:colcon.colcon_core.verb:Building package 'carry_msgs' with the following arguments: {'ament_cmake_args': None, 'build_base': '/home/oumuika/Documents/mirs2403/src/carry_project/build/carry_msgs', 'catkin_cmake_args': None, 'catkin_skip_building_tests': False, 'cmake_args': None, 'cmake_clean_cache': False, 'cmake_clean_first': False, 'cmake_force_configure': False, 'cmake_target': None, 'cmake_target_skip_unavailable': False, 'install_base': '/home/oumuika/Documents/mirs2403/src/carry_project/install/carry_msgs', 'merge_install': False, 'path': '/home/oumuika/Documents/mirs2403/src/carry_project/carry_msgs', 'symlink_install': False, 'test_result_base': None}
[0.295s] INFO:colcon.colcon_core.executor:Executing jobs using 'parallel' executor
[0.296s] DEBUG:colcon.colcon_parallel_executor.executor.parallel:run_until_complete
[0.296s] INFO:colcon.colcon_ros.task.ament_cmake.build:Building ROS package in '/home/oumuika/Documents/mirs2403/src/carry_project/carry' with build type 'ament_cmake'
[0.296s] INFO:colcon.colcon_cmake.task.cmake.build:Building CMake package in '/home/oumuika/Documents/mirs2403/src/carry_project/carry'
[0.298s] INFO:colcon.colcon_core.plugin_system:Skipping extension 'colcon_core.shell.bat': Not used on non-Windows systems
[0.298s] INFO:colcon.colcon_core.shell:Skip shell extension 'powershell' for command environment: Not usable outside of PowerShell
[0.298s] DEBUG:colcon.colcon_core.shell:Skip shell extension 'dsv' for command environment
[0.302s] INFO:colcon.colcon_ros.task.ament_cmake.build:Building ROS package in '/home/oumuika/Documents/mirs2403/src/carry_project/carry_msgs' with build type 'ament_cmake'
[0.302s] INFO:colcon.colcon_cmake.task.cmake.build:Building CMake package in '/home/oumuika/Documents/mirs2403/src/carry_project/carry_msgs'
[0.302s] INFO:colcon.colcon_core.shell:Skip shell extension 'powershell' for command environment: Not usable outside of PowerShell
[0.302s] DEBUG:colcon.colcon_core.shell:Skip shell extension 'dsv' for command environment
[0.309s] DEBUG:colcon.colcon_core.event_handler.log_command:Invoking command in '/home/oumuika/Documents/mirs2403/src/carry_project/build/carry': CMAKE_PREFIX_PATH=${CMAKE_PREFIX_PATH}:/home/oumuika/Documents/mirs2403/install/web_with_ros2:/home/oumuika/Documents/mirs2403/install/ros2bag_extensions:/opt/ros/humble /usr/bin/cmake /home/oumuika/Documents/mirs2403/src/carry_project/carry -DCMAKE_INSTALL_PREFIX=/home/oumuika/Documents/mirs2403/src/carry_project/install/carry
[0.311s] DEBUG:colcon.colcon_core.event_handler.log_command:Invoking command in '/home/oumuika/Documents/mirs2403/src/carry_project/build/carry_msgs': CMAKE_PREFIX_PATH=${CMAKE_PREFIX_PATH}:/home/oumuika/Documents/mirs2403/install/web_with_ros2:/home/oumuika/Documents/mirs2403/install/ros2bag_extensions:/opt/ros/humble /usr/bin/cmake /home/oumuika/Documents/mirs2403/src/carry_project/carry_msgs -DCMAKE_INSTALL_PREFIX=/home/oumuika/Documents/mirs2403/src/carry_project/install/carry_msgs
[1.575s] DEBUG:colcon.colcon_core.event_handler.log_command:Invoked command in '/home/oumuika/Documents/mirs2403/src/carry_project/build/carry_msgs' returned '0': CMAKE_PREFIX_PATH=${CMAKE_PREFIX_PATH}:/home/oumuika/Documents/mirs2403/install/web_with_ros2:/home/oumuika/Documents/mirs2403/install/ros2bag_extensions:/opt/ros/humble /usr/bin/cmake /home/oumuika/Documents/mirs2403/src/carry_project/carry_msgs -DCMAKE_INSTALL_PREFIX=/home/oumuika/Documents/mirs2403/src/carry_project/install/carry_msgs
[1.577s] DEBUG:colcon.colcon_core.event_handler.log_command:Invoking command in '/home/oumuika/Documents/mirs2403/src/carry_project/build/carry_msgs': CMAKE_PREFIX_PATH=${CMAKE_PREFIX_PATH}:/home/oumuika/Documents/mirs2403/install/web_with_ros2:/home/oumuika/Documents/mirs2403/install/ros2bag_extensions:/opt/ros/humble /usr/bin/cmake --build /home/oumuika/Documents/mirs2403/src/carry_project/build/carry_msgs -- -j16 -l16
[1.619s] DEBUG:colcon.colcon_core.event_handler.log_command:Invoked command in '/home/oumuika/Documents/mirs2403/src/carry_project/build/carry_msgs' returned '0': CMAKE_PREFIX_PATH=${CMAKE_PREFIX_PATH}:/home/oumuika/Documents/mirs2403/install/web_with_ros2:/home/oumuika/Documents/mirs2403/install/ros2bag_extensions:/opt/ros/humble /usr/bin/cmake --build /home/oumuika/Documents/mirs2403/src/carry_project/build/carry_msgs -- -j16 -l16
[1.650s] DEBUG:colcon.colcon_core.event_handler.log_command:Invoking command in '/home/oumuika/Documents/mirs2403/src/carry_project/build/carry_msgs': CMAKE_PREFIX_PATH=${CMAKE_PREFIX_PATH}:/home/oumuika/Documents/mirs2403/install/web_with_ros2:/home/oumuika/Documents/mirs2403/install/ros2bag_extensions:/opt/ros/humble /usr/bin/cmake --install /home/oumuika/Documents/mirs2403/src/carry_project/build/carry_msgs
[1.661s] Level 1:colcon.colcon_core.environment:create_environment_scripts_only(carry_msgs)
[1.662s] DEBUG:colcon.colcon_core.event_handler.log_command:Invoked command in '/home/oumuika/Documents/mirs2403/src/carry_project/build/carry_msgs' returned '0': CMAKE_PREFIX_PATH=${CMAKE_PREFIX_PATH}:/home/oumuika/Documents/mirs2403/install/web_with_ros2:/home/oumuika/Documents/mirs2403/install/ros2bag_extensions:/opt/ros/humble /usr/bin/cmake --install /home/oumuika/Documents/mirs2403/src/carry_project/build/carry_msgs
[1.663s] Level 1:colcon.colcon_core.environment:checking '/home/oumuika/Documents/mirs2403/src/carry_project/install/carry_msgs' for CMake module files
[1.664s] Level 1:colcon.colcon_core.environment:checking '/home/oumuika/Documents/mirs2403/src/carry_project/install/carry_msgs' for CMake config files
[1.664s] Level 1:colcon.colcon_core.shell:create_environment_hook('carry_msgs', 'cmake_prefix_path')
[1.664s] INFO:colcon.colcon_core.shell:Creating environment hook '/home/oumuika/Documents/mirs2403/src/carry_project/install/carry_msgs/share/carry_msgs/hook/cmake_prefix_path.ps1'
[1.664s] INFO:colcon.colcon_core.shell:Creating environment descriptor '/home/oumuika/Documents/mirs2403/src/carry_project/install/carry_msgs/share/carry_msgs/hook/cmake_prefix_path.dsv'
[1.665s] INFO:colcon.colcon_core.shell:Creating environment hook '/home/oumuika/Documents/mirs2403/src/carry_project/install/carry_msgs/share/carry_msgs/hook/cmake_prefix_path.sh'
[1.665s] Level 1:colcon.colcon_core.environment:checking '/home/oumuika/Documents/mirs2403/src/carry_project/install/carry_msgs/bin'
[1.665s] Level 1:colcon.colcon_core.environment:checking '/home/oumuika/Documents/mirs2403/src/carry_project/install/carry_msgs/lib/pkgconfig/carry_msgs.pc'
[1.665s] Level 1:colcon.colcon_core.environment:checking '/home/oumuika/Documents/mirs2403/src/carry_project/install/carry_msgs/lib/python3.10/site-packages'
[1.666s] Level 1:colcon.colcon_core.environment:checking '/home/oumuika/Documents/mirs2403/src/carry_project/install/carry_msgs/bin'
[1.666s] INFO:colcon.colcon_core.shell:Creating package script '/home/oumuika/Documents/mirs2403/src/carry_project/install/carry_msgs/share/carry_msgs/package.ps1'
[1.666s] INFO:colcon.colcon_core.shell:Creating package descriptor '/home/oumuika/Documents/mirs2403/src/carry_project/install/carry_msgs/share/carry_msgs/package.dsv'
[1.667s] INFO:colcon.colcon_core.shell:Creating package script '/home/oumuika/Documents/mirs2403/src/carry_project/install/carry_msgs/share/carry_msgs/package.sh'
[1.667s] INFO:colcon.colcon_core.shell:Creating package script '/home/oumuika/Documents/mirs2403/src/carry_project/install/carry_msgs/share/carry_msgs/package.bash'
[1.668s] INFO:colcon.colcon_core.shell:Creating package script '/home/oumuika/Documents/mirs2403/src/carry_project/install/carry_msgs/share/carry_msgs/package.zsh'
[1.668s] Level 1:colcon.colcon_core.environment:create_file_with_runtime_dependencies(/home/oumuika/Documents/mirs2403/src/carry_project/install/carry_msgs/share/colcon-core/packages/carry_msgs)
[1.695s] Level 1:colcon.colcon_core.environment:create_environment_scripts_only(carry_msgs)
[1.695s] Level 1:colcon.colcon_core.environment:checking '/home/oumuika/Documents/mirs2403/src/carry_project/install/carry_msgs' for CMake module files
[1.695s] Level 1:colcon.colcon_core.environment:checking '/home/oumuika/Documents/mirs2403/src/carry_project/install/carry_msgs' for CMake config files
[1.696s] Level 1:colcon.colcon_core.shell:create_environment_hook('carry_msgs', 'cmake_prefix_path')
[1.696s] INFO:colcon.colcon_core.shell:Creating environment hook '/home/oumuika/Documents/mirs2403/src/carry_project/install/carry_msgs/share/carry_msgs/hook/cmake_prefix_path.ps1'
[1.696s] INFO:colcon.colcon_core.shell:Creating environment descriptor '/home/oumuika/Documents/mirs2403/src/carry_project/install/carry_msgs/share/carry_msgs/hook/cmake_prefix_path.dsv'
[1.696s] INFO:colcon.colcon_core.shell:Creating environment hook '/home/oumuika/Documents/mirs2403/src/carry_project/install/carry_msgs/share/carry_msgs/hook/cmake_prefix_path.sh'
[1.697s] Level 1:colcon.colcon_core.environment:checking '/home/oumuika/Documents/mirs2403/src/carry_project/install/carry_msgs/bin'
[1.697s] Level 1:colcon.colcon_core.environment:checking '/home/oumuika/Documents/mirs2403/src/carry_project/install/carry_msgs/lib/pkgconfig/carry_msgs.pc'
[1.697s] Level 1:colcon.colcon_core.environment:checking '/home/oumuika/Documents/mirs2403/src/carry_project/install/carry_msgs/lib/python3.10/site-packages'
[1.697s] Level 1:colcon.colcon_core.environment:checking '/home/oumuika/Documents/mirs2403/src/carry_project/install/carry_msgs/bin'
[1.697s] INFO:colcon.colcon_core.shell:Creating package script '/home/oumuika/Documents/mirs2403/src/carry_project/install/carry_msgs/share/carry_msgs/package.ps1'
[1.698s] INFO:colcon.colcon_core.shell:Creating package descriptor '/home/oumuika/Documents/mirs2403/src/carry_project/install/carry_msgs/share/carry_msgs/package.dsv'
[1.698s] INFO:colcon.colcon_core.shell:Creating package script '/home/oumuika/Documents/mirs2403/src/carry_project/install/carry_msgs/share/carry_msgs/package.sh'
[1.698s] INFO:colcon.colcon_core.shell:Creating package script '/home/oumuika/Documents/mirs2403/src/carry_project/install/carry_msgs/share/carry_msgs/package.bash'
[1.699s] INFO:colcon.colcon_core.shell:Creating package script '/home/oumuika/Documents/mirs2403/src/carry_project/install/carry_msgs/share/carry_msgs/package.zsh'
[1.699s] Level 1:colcon.colcon_core.environment:create_file_with_runtime_dependencies(/home/oumuika/Documents/mirs2403/src/carry_project/install/carry_msgs/share/colcon-core/packages/carry_msgs)
[2.542s] DEBUG:colcon.colcon_core.event_handler.log_command:Invoked command in '/home/oumuika/Documents/mirs2403/src/carry_project/build/carry' returned '0': CMAKE_PREFIX_PATH=${CMAKE_PREFIX_PATH}:/home/oumuika/Documents/mirs2403/install/web_with_ros2:/home/oumuika/Documents/mirs2403/install/ros2bag_extensions:/opt/ros/humble /usr/bin/cmake /home/oumuika/Documents/mirs2403/src/carry_project/carry -DCMAKE_INSTALL_PREFIX=/home/oumuika/Documents/mirs2403/src/carry_project/install/carry
[2.544s] DEBUG:colcon.colcon_core.event_handler.log_command:Invoking command in '/home/oumuika/Documents/mirs2403/src/carry_project/build/carry': CMAKE_PREFIX_PATH=${CMAKE_PREFIX_PATH}:/home/oumuika/Documents/mirs2403/install/web_with_ros2:/home/oumuika/Documents/mirs2403/install/ros2bag_extensions:/opt/ros/humble /usr/bin/cmake --build /home/oumuika/Documents/mirs2403/src/carry_project/build/carry -- -j16 -l16
[5.891s] DEBUG:colcon.colcon_core.event_handler.log_command:Invoked command in '/home/oumuika/Documents/mirs2403/src/carry_project/build/carry' returned '2': CMAKE_PREFIX_PATH=${CMAKE_PREFIX_PATH}:/home/oumuika/Documents/mirs2403/install/web_with_ros2:/home/oumuika/Documents/mirs2403/install/ros2bag_extensions:/opt/ros/humble /usr/bin/cmake --build /home/oumuika/Documents/mirs2403/src/carry_project/build/carry -- -j16 -l16
[5.935s] Level 1:colcon.colcon_core.environment:create_environment_scripts_only(carry)
[5.936s] Level 1:colcon.colcon_core.environment:checking '/home/oumuika/Documents/mirs2403/src/carry_project/install/carry' for CMake module files
[5.936s] Level 1:colcon.colcon_core.environment:checking '/home/oumuika/Documents/mirs2403/src/carry_project/install/carry' for CMake config files
[5.936s] Level 1:colcon.colcon_core.environment:checking '/home/oumuika/Documents/mirs2403/src/carry_project/install/carry/bin'
[5.936s] Level 1:colcon.colcon_core.environment:checking '/home/oumuika/Documents/mirs2403/src/carry_project/install/carry/lib/pkgconfig/carry.pc'
[5.936s] Level 1:colcon.colcon_core.environment:checking '/home/oumuika/Documents/mirs2403/src/carry_project/install/carry/lib/python3.10/site-packages'
[5.936s] Level 1:colcon.colcon_core.environment:checking '/home/oumuika/Documents/mirs2403/src/carry_project/install/carry/bin'
[5.936s] INFO:colcon.colcon_core.shell:Creating package script '/home/oumuika/Documents/mirs2403/src/carry_project/install/carry/share/carry/package.ps1'
[5.937s] INFO:colcon.colcon_core.shell:Creating package descriptor '/home/oumuika/Documents/mirs2403/src/carry_project/install/carry/share/carry/package.dsv'
[5.937s] INFO:colcon.colcon_core.shell:Creating package script '/home/oumuika/Documents/mirs2403/src/carry_project/install/carry/share/carry/package.sh'
[5.937s] INFO:colcon.colcon_core.shell:Creating package script '/home/oumuika/Documents/mirs2403/src/carry_project/install/carry/share/carry/package.bash'
[5.938s] INFO:colcon.colcon_core.shell:Creating package script '/home/oumuika/Documents/mirs2403/src/carry_project/install/carry/share/carry/package.zsh'
[5.938s] Level 1:colcon.colcon_core.environment:create_file_with_runtime_dependencies(/home/oumuika/Documents/mirs2403/src/carry_project/install/carry/share/colcon-core/packages/carry)
[5.948s] DEBUG:colcon.colcon_parallel_executor.executor.parallel:closing loop
[5.948s] DEBUG:colcon.colcon_parallel_executor.executor.parallel:loop closed
[5.948s] DEBUG:colcon.colcon_parallel_executor.executor.parallel:run_until_complete finished with '2'
[5.948s] DEBUG:colcon.colcon_core.event_reactor:joining thread
[5.952s] INFO:colcon.colcon_core.plugin_system:Skipping extension 'colcon_notification.desktop_notification.terminal_notifier': Not used on non-Darwin systems
[5.952s] INFO:colcon.colcon_core.plugin_system:Skipping extension 'colcon_notification.desktop_notification.win32': Not used on non-Windows systems
[5.952s] INFO:colcon.colcon_notification.desktop_notification:Sending desktop notification using 'notify2'
[5.961s] DEBUG:colcon.colcon_core.event_reactor:joined thread
[5.961s] INFO:colcon.colcon_core.shell:Creating prefix script '/home/oumuika/Documents/mirs2403/src/carry_project/install/local_setup.ps1'
[5.962s] INFO:colcon.colcon_core.shell:Creating prefix util module '/home/oumuika/Documents/mirs2403/src/carry_project/install/_local_setup_util_ps1.py'
[5.963s] INFO:colcon.colcon_core.shell:Creating prefix chain script '/home/oumuika/Documents/mirs2403/src/carry_project/install/setup.ps1'
[5.964s] INFO:colcon.colcon_core.shell:Creating prefix script '/home/oumuika/Documents/mirs2403/src/carry_project/install/local_setup.sh'
[5.964s] INFO:colcon.colcon_core.shell:Creating prefix util module '/home/oumuika/Documents/mirs2403/src/carry_project/install/_local_setup_util_sh.py'
[5.965s] INFO:colcon.colcon_core.shell:Creating prefix chain script '/home/oumuika/Documents/mirs2403/src/carry_project/install/setup.sh'
[5.966s] INFO:colcon.colcon_core.shell:Creating prefix script '/home/oumuika/Documents/mirs2403/src/carry_project/install/local_setup.bash'
[5.966s] INFO:colcon.colcon_core.shell:Creating prefix chain script '/home/oumuika/Documents/mirs2403/src/carry_project/install/setup.bash'
[5.967s] INFO:colcon.colcon_core.shell:Creating prefix script '/home/oumuika/Documents/mirs2403/src/carry_project/install/local_setup.zsh'
[5.968s] INFO:colcon.colcon_core.shell:Creating prefix chain script '/home/oumuika/Documents/mirs2403/src/carry_project/install/setup.zsh'
