-- The C compiler identification is GNU 11.4.0
-- The CXX compiler identification is GNU 11.4.0
-- Detecting C compiler ABI info
-- Detecting C compiler ABI info - done
-- Check for working C compiler: /usr/bin/cc - skipped
-- Detecting C compile features
-- Detecting C compile features - done
-- Detecting CXX compiler ABI info
-- Detecting CXX compiler ABI info - done
-- Check for working CXX compiler: /usr/bin/c++ - skipped
-- Detecting CXX compile features
-- Detecting CXX compile features - done
-- Found ament_cmake: 1.3.10 (/opt/ros/humble/share/ament_cmake/cmake)
-- Found Python3: /usr/bin/python3 (found version "3.10.12") found components: Interpreter 
-- Found rclcpp: 16.0.10 (/opt/ros/humble/share/rclcpp/cmake)
-- Found rosidl_generator_c: 3.1.5 (/opt/ros/humble/share/rosidl_generator_c/cmake)
-- Found rosidl_adapter: 3.1.5 (/opt/ros/humble/share/rosidl_adapter/cmake)
-- Found rosidl_generator_cpp: 3.1.5 (/opt/ros/humble/share/rosidl_generator_cpp/cmake)
-- Using all available rosidl_typesupport_c: rosidl_typesupport_fastrtps_c;rosidl_typesupport_introspection_c
-- Using all available rosidl_typesupport_cpp: rosidl_typesupport_fastrtps_cpp;rosidl_typesupport_introspection_cpp
-- Found rmw_implementation_cmake: 6.1.2 (/opt/ros/humble/share/rmw_implementation_cmake/cmake)
-- Found rmw_fastrtps_cpp: 6.2.7 (/opt/ros/humble/share/rmw_fastrtps_cpp/cmake)
-- Found OpenSSL: /usr/lib/x86_64-linux-gnu/libcrypto.so (found version "3.0.2")  
-- Found FastRTPS: /opt/ros/humble/include  
-- Using RMW implementation 'rmw_fastrtps_cpp' as default
-- Looking for pthread.h
-- Looking for pthread.h - found
-- Performing Test CMAKE_HAVE_LIBC_PTHREAD
-- Performing Test CMAKE_HAVE_LIBC_PTHREAD - Success
-- Found Threads: TRUE  
-- Found rclcpp_action: 16.0.10 (/opt/ros/humble/share/rclcpp_action/cmake)
-- Found mirs_msgs: 0.0.1 (/home/oumuika/Documents/mirs2403/install/mirs_msgs/share/mirs_msgs/cmake)
-- Found nav2_util: 1.1.16 (/opt/ros/humble/share/nav2_util/cmake)
-- Found eigen3_cmake_module: 0.1.1 (/opt/ros/humble/share/eigen3_cmake_module/cmake)
-- Found Eigen3: TRUE (found version "3.4.0") 
-- Ensuring Eigen3 include directory is part of orocos-kdl CMake target
-- Found nav2_bt_navigator: 1.1.16 (/opt/ros/humble/share/nav2_bt_navigator/cmake)
-- Configuring done
-- Generating done
-- Build files have been written to: /home/oumuika/Documents/mirs2403/src/carry_project/build/carry
[ 12%] [32mBuilding CXX object CMakeFiles/test_client.dir/src/test_client.cpp.o[0m
[ 37%] [32mBuilding CXX object CMakeFiles/bt_executor.dir/src/second_test.cpp.o[0m
[ 37%] [32mBuilding CXX object CMakeFiles/bt_executor.dir/src/first_test.cpp.o[0m
[ 62%] [32mBuilding CXX object CMakeFiles/bt_executor.dir/src/random_goal.cpp.o[0m
[ 62%] [32mBuilding CXX object CMakeFiles/bt_executor.dir/src/check_call_service.cpp.o[0m
[ 75%] [32mBuilding CXX object CMakeFiles/bt_executor.dir/src/main.cpp.o[0m
[ 87%] [32m[1mLinking CXX executable test_client[0m
[ 87%] Built target test_client
