[35m[1mConsolidate compiler generated dependencies of target bt_executor[0m
[ 25%] Built target test_client
[ 37%] [32mBuilding CXX object CMakeFiles/bt_executor.dir/src/main.cpp.o[0m
[ 50%] [32m[1mLinking CXX executable bt_executor[0m
[100%] Built target bt_executor
-- Install configuration: ""
-- Installing: /home/oumuika/Documents/mirs2403/src/carry_project/install/carry/lib/carry/bt_executor
-- Set runtime path of "/home/oumuika/Documents/mirs2403/src/carry_project/install/carry/lib/carry/bt_executor" to ""
-- Installing: /home/oumuika/Documents/mirs2403/src/carry_project/install/carry/lib/carry/test_client
-- Set runtime path of "/home/oumuika/Documents/mirs2403/src/carry_project/install/carry/lib/carry/test_client" to ""
-- Installing: /home/oumuika/Documents/mirs2403/src/carry_project/install/carry/share/carry/behavior_tree
-- Installing: /home/oumuika/Documents/mirs2403/src/carry_project/install/carry/share/carry/behavior_tree/test_4.xml
-- Installing: /home/oumuika/Documents/mirs2403/src/carry_project/install/carry/share/carry/behavior_tree/test.xml
-- Installing: /home/oumuika/Documents/mirs2403/src/carry_project/install/carry/share/carry/behavior_tree/test_3.xml
-- Installing: /home/oumuika/Documents/mirs2403/src/carry_project/install/carry/share/carry/behavior_tree/check.xml
-- Installing: /home/oumuika/Documents/mirs2403/src/carry_project/install/carry/share/carry/behavior_tree/test_2.xml
-- Installing: /home/oumuika/Documents/mirs2403/src/carry_project/install/carry/share/carry/behavior_tree/swtich_test.xml
-- Installing: /home/oumuika/Documents/mirs2403/src/carry_project/install/carry/share/ament_index/resource_index/package_run_dependencies/carry
-- Installing: /home/oumuika/Documents/mirs2403/src/carry_project/install/carry/share/ament_index/resource_index/parent_prefix_path/carry
-- Installing: /home/oumuika/Documents/mirs2403/src/carry_project/install/carry/share/carry/environment/ament_prefix_path.sh
-- Installing: /home/oumuika/Documents/mirs2403/src/carry_project/install/carry/share/carry/environment/ament_prefix_path.dsv
-- Installing: /home/oumuika/Documents/mirs2403/src/carry_project/install/carry/share/carry/environment/path.sh
-- Installing: /home/oumuika/Documents/mirs2403/src/carry_project/install/carry/share/carry/environment/path.dsv
-- Installing: /home/oumuika/Documents/mirs2403/src/carry_project/install/carry/share/carry/local_setup.bash
-- Installing: /home/oumuika/Documents/mirs2403/src/carry_project/install/carry/share/carry/local_setup.sh
-- Installing: /home/oumuika/Documents/mirs2403/src/carry_project/install/carry/share/carry/local_setup.zsh
-- Installing: /home/oumuika/Documents/mirs2403/src/carry_project/install/carry/share/carry/local_setup.dsv
-- Installing: /home/oumuika/Documents/mirs2403/src/carry_project/install/carry/share/carry/package.dsv
-- Installing: /home/oumuika/Documents/mirs2403/src/carry_project/install/carry/share/ament_index/resource_index/packages/carry
-- Installing: /home/oumuika/Documents/mirs2403/src/carry_project/install/carry/share/carry/cmake/carryConfig.cmake
-- Installing: /home/oumuika/Documents/mirs2403/src/carry_project/install/carry/share/carry/cmake/carryConfig-version.cmake
-- Installing: /home/oumuika/Documents/mirs2403/src/carry_project/install/carry/share/carry/package.xml
