[0.082s] DEBUG:colcon:Command line arguments: ['/usr/bin/colcon', 'list', '-p', '--base-paths', '/home/oumuika/Documents/mirs2403/src/carry_project']
[0.083s] DEBUG:colcon:Parsed command line arguments: Namespace(log_base=None, log_level=None, verb_name='list', build_base='build', ignore_user_meta=False, metas=['./colcon.meta'], base_paths=['/home/oumuika/Documents/mirs2403/src/carry_project'], packages_ignore=None, packages_ignore_regex=None, paths=None, packages_up_to=None, packages_up_to_regex=None, packages_above=None, packages_above_and_dependencies=None, packages_above_depth=None, packages_select_by_dep=None, packages_skip_by_dep=None, packages_skip_up_to=None, packages_select_build_failed=False, packages_skip_build_finished=False, packages_select_test_failures=False, packages_skip_test_passed=False, packages_select=None, packages_skip=None, packages_select_regex=None, packages_skip_regex=None, packages_start=None, packages_end=None, allow_overriding=[], topological_order=False, names_only=False, paths_only=True, topological_graph=False, topological_graph_dot=False, topological_graph_density=False, topological_graph_legend=False, topological_graph_dot_cluster=False, topological_graph_dot_include_skipped=False, verb_parser=<colcon_defaults.argument_parser.defaults.DefaultArgumentsDecorator object at 0x71d50923e3b0>, verb_extension=<colcon_package_information.verb.list.ListVerb object at 0x71d509339ba0>, main=<bound method ListVerb.main of <colcon_package_information.verb.list.ListVerb object at 0x71d509339ba0>>)
[0.241s] Level 1:colcon.colcon_core.package_discovery:discover_packages(colcon_meta) check parameters
[0.241s] Level 1:colcon.colcon_core.package_discovery:discover_packages(recursive) check parameters
[0.242s] Level 1:colcon.colcon_core.package_discovery:discover_packages(ignore) check parameters
[0.242s] Level 1:colcon.colcon_core.package_discovery:discover_packages(path) check parameters
[0.242s] Level 1:colcon.colcon_core.package_discovery:discover_packages(recursive) discover
[0.242s] INFO:colcon.colcon_core.package_discovery:Crawling recursively for packages in '/home/oumuika/Documents/mirs2403/src/carry_project'
[0.242s] Level 1:colcon.colcon_core.package_identification:_identify(/home/oumuika/Documents/mirs2403/src/carry_project) by extensions ['ignore', 'ignore_ament_install']
[0.242s] Level 1:colcon.colcon_core.package_identification:_identify(/home/oumuika/Documents/mirs2403/src/carry_project) by extension 'ignore'
[0.242s] Level 1:colcon.colcon_core.package_identification:_identify(/home/oumuika/Documents/mirs2403/src/carry_project) by extension 'ignore_ament_install'
[0.242s] Level 1:colcon.colcon_core.package_identification:_identify(/home/oumuika/Documents/mirs2403/src/carry_project) by extensions ['colcon_pkg']
[0.242s] Level 1:colcon.colcon_core.package_identification:_identify(/home/oumuika/Documents/mirs2403/src/carry_project) by extension 'colcon_pkg'
[0.242s] Level 1:colcon.colcon_core.package_identification:_identify(/home/oumuika/Documents/mirs2403/src/carry_project) by extensions ['colcon_meta']
[0.242s] Level 1:colcon.colcon_core.package_identification:_identify(/home/oumuika/Documents/mirs2403/src/carry_project) by extension 'colcon_meta'
[0.242s] Level 1:colcon.colcon_core.package_identification:_identify(/home/oumuika/Documents/mirs2403/src/carry_project) by extensions ['ros']
[0.242s] Level 1:colcon.colcon_core.package_identification:_identify(/home/oumuika/Documents/mirs2403/src/carry_project) by extension 'ros'
[0.252s] Level 1:colcon.colcon_core.package_identification:_identify(/home/oumuika/Documents/mirs2403/src/carry_project) by extensions ['cmake', 'python']
[0.252s] Level 1:colcon.colcon_core.package_identification:_identify(/home/oumuika/Documents/mirs2403/src/carry_project) by extension 'cmake'
[0.252s] Level 1:colcon.colcon_core.package_identification:_identify(/home/oumuika/Documents/mirs2403/src/carry_project) by extension 'python'
[0.252s] Level 1:colcon.colcon_core.package_identification:_identify(/home/oumuika/Documents/mirs2403/src/carry_project) by extensions ['python_setup_py']
[0.252s] Level 1:colcon.colcon_core.package_identification:_identify(/home/oumuika/Documents/mirs2403/src/carry_project) by extension 'python_setup_py'
[0.252s] Level 1:colcon.colcon_core.package_identification:_identify(/home/oumuika/Documents/mirs2403/src/carry_project/carry) by extensions ['ignore', 'ignore_ament_install']
[0.252s] Level 1:colcon.colcon_core.package_identification:_identify(/home/oumuika/Documents/mirs2403/src/carry_project/carry) by extension 'ignore'
[0.252s] Level 1:colcon.colcon_core.package_identification:_identify(/home/oumuika/Documents/mirs2403/src/carry_project/carry) by extension 'ignore_ament_install'
[0.252s] Level 1:colcon.colcon_core.package_identification:_identify(/home/oumuika/Documents/mirs2403/src/carry_project/carry) by extensions ['colcon_pkg']
[0.252s] Level 1:colcon.colcon_core.package_identification:_identify(/home/oumuika/Documents/mirs2403/src/carry_project/carry) by extension 'colcon_pkg'
[0.252s] Level 1:colcon.colcon_core.package_identification:_identify(/home/oumuika/Documents/mirs2403/src/carry_project/carry) by extensions ['colcon_meta']
[0.252s] Level 1:colcon.colcon_core.package_identification:_identify(/home/oumuika/Documents/mirs2403/src/carry_project/carry) by extension 'colcon_meta'
[0.252s] Level 1:colcon.colcon_core.package_identification:_identify(/home/oumuika/Documents/mirs2403/src/carry_project/carry) by extensions ['ros']
[0.252s] Level 1:colcon.colcon_core.package_identification:_identify(/home/oumuika/Documents/mirs2403/src/carry_project/carry) by extension 'ros'
[0.254s] DEBUG:colcon.colcon_core.package_identification:Package '/home/oumuika/Documents/mirs2403/src/carry_project/carry' with type 'ros.ament_cmake' and name 'carry'
[0.254s] Level 1:colcon.colcon_core.package_identification:_identify(/home/oumuika/Documents/mirs2403/src/carry_project/carry_msgs) by extensions ['ignore', 'ignore_ament_install']
[0.254s] Level 1:colcon.colcon_core.package_identification:_identify(/home/oumuika/Documents/mirs2403/src/carry_project/carry_msgs) by extension 'ignore'
[0.254s] Level 1:colcon.colcon_core.package_identification:_identify(/home/oumuika/Documents/mirs2403/src/carry_project/carry_msgs) by extension 'ignore_ament_install'
[0.254s] Level 1:colcon.colcon_core.package_identification:_identify(/home/oumuika/Documents/mirs2403/src/carry_project/carry_msgs) by extensions ['colcon_pkg']
[0.255s] Level 1:colcon.colcon_core.package_identification:_identify(/home/oumuika/Documents/mirs2403/src/carry_project/carry_msgs) by extension 'colcon_pkg'
[0.255s] Level 1:colcon.colcon_core.package_identification:_identify(/home/oumuika/Documents/mirs2403/src/carry_project/carry_msgs) by extensions ['colcon_meta']
[0.255s] Level 1:colcon.colcon_core.package_identification:_identify(/home/oumuika/Documents/mirs2403/src/carry_project/carry_msgs) by extension 'colcon_meta'
[0.255s] Level 1:colcon.colcon_core.package_identification:_identify(/home/oumuika/Documents/mirs2403/src/carry_project/carry_msgs) by extensions ['ros']
[0.255s] Level 1:colcon.colcon_core.package_identification:_identify(/home/oumuika/Documents/mirs2403/src/carry_project/carry_msgs) by extension 'ros'
[0.255s] DEBUG:colcon.colcon_core.package_identification:Package '/home/oumuika/Documents/mirs2403/src/carry_project/carry_msgs' with type 'ros.ament_cmake' and name 'carry_msgs'
[0.255s] Level 1:colcon.colcon_core.package_identification:_identify(/home/oumuika/Documents/mirs2403/src/carry_project/log) by extensions ['ignore', 'ignore_ament_install']
[0.255s] Level 1:colcon.colcon_core.package_identification:_identify(/home/oumuika/Documents/mirs2403/src/carry_project/log) by extension 'ignore'
[0.255s] Level 1:colcon.colcon_core.package_identification:_identify(/home/oumuika/Documents/mirs2403/src/carry_project/log) ignored
[0.255s] Level 1:colcon.colcon_core.package_discovery:discover_packages(recursive) using defaults
