[0.011s] Invoking command in '/home/oumuika/Documents/mirs2403/src/carry_project/build/carry_msgs': CMAKE_PREFIX_PATH=${CMAKE_PREFIX_PATH}:/home/oumuika/Documents/mirs2403/install/web_with_ros2:/home/oumuika/Documents/mirs2403/install/ros2bag_extensions:/opt/ros/humble /usr/bin/cmake --build /home/oumuika/Documents/mirs2403/src/carry_project/build/carry_msgs -- -j16 -l16
[0.051s] Invoked command in '/home/oumuika/Documents/mirs2403/src/carry_project/build/carry_msgs' returned '0': CMAKE_PREFIX_PATH=${CMAKE_PREFIX_PATH}:/home/oumuika/Documents/mirs2403/install/web_with_ros2:/home/oumuika/Documents/mirs2403/install/ros2bag_extensions:/opt/ros/humble /usr/bin/cmake --build /home/oumuika/Documents/mirs2403/src/carry_project/build/carry_msgs -- -j16 -l16
[0.084s] Invoking command in '/home/oumuika/Documents/mirs2403/src/carry_project/build/carry_msgs': CMAKE_PREFIX_PATH=${CMAKE_PREFIX_PATH}:/home/oumuika/Documents/mirs2403/install/web_with_ros2:/home/oumuika/Documents/mirs2403/install/ros2bag_extensions:/opt/ros/humble /usr/bin/cmake --install /home/oumuika/Documents/mirs2403/src/carry_project/build/carry_msgs
[0.091s] -- Install configuration: ""
[0.091s] -- Up-to-date: /home/oumuika/Documents/mirs2403/src/carry_project/install/carry_msgs/share/ament_index/resource_index/package_run_dependencies/carry_msgs
[0.091s] -- Up-to-date: /home/oumuika/Documents/mirs2403/src/carry_project/install/carry_msgs/share/ament_index/resource_index/parent_prefix_path/carry_msgs
[0.091s] -- Up-to-date: /home/oumuika/Documents/mirs2403/src/carry_project/install/carry_msgs/share/carry_msgs/environment/ament_prefix_path.sh
[0.091s] -- Up-to-date: /home/oumuika/Documents/mirs2403/src/carry_project/install/carry_msgs/share/carry_msgs/environment/ament_prefix_path.dsv
[0.091s] -- Up-to-date: /home/oumuika/Documents/mirs2403/src/carry_project/install/carry_msgs/share/carry_msgs/environment/path.sh
[0.091s] -- Up-to-date: /home/oumuika/Documents/mirs2403/src/carry_project/install/carry_msgs/share/carry_msgs/environment/path.dsv
[0.091s] -- Up-to-date: /home/oumuika/Documents/mirs2403/src/carry_project/install/carry_msgs/share/carry_msgs/local_setup.bash
[0.091s] -- Up-to-date: /home/oumuika/Documents/mirs2403/src/carry_project/install/carry_msgs/share/carry_msgs/local_setup.sh
[0.091s] -- Up-to-date: /home/oumuika/Documents/mirs2403/src/carry_project/install/carry_msgs/share/carry_msgs/local_setup.zsh
[0.091s] -- Up-to-date: /home/oumuika/Documents/mirs2403/src/carry_project/install/carry_msgs/share/carry_msgs/local_setup.dsv
[0.091s] -- Installing: /home/oumuika/Documents/mirs2403/src/carry_project/install/carry_msgs/share/carry_msgs/package.dsv
[0.091s] -- Up-to-date: /home/oumuika/Documents/mirs2403/src/carry_project/install/carry_msgs/share/ament_index/resource_index/packages/carry_msgs
[0.092s] -- Up-to-date: /home/oumuika/Documents/mirs2403/src/carry_project/install/carry_msgs/share/carry_msgs/cmake/carry_msgsConfig.cmake
[0.092s] -- Up-to-date: /home/oumuika/Documents/mirs2403/src/carry_project/install/carry_msgs/share/carry_msgs/cmake/carry_msgsConfig-version.cmake
[0.092s] -- Up-to-date: /home/oumuika/Documents/mirs2403/src/carry_project/install/carry_msgs/share/carry_msgs/package.xml
[0.093s] Invoked command in '/home/oumuika/Documents/mirs2403/src/carry_project/build/carry_msgs' returned '0': CMAKE_PREFIX_PATH=${CMAKE_PREFIX_PATH}:/home/oumuika/Documents/mirs2403/install/web_with_ros2:/home/oumuika/Documents/mirs2403/install/ros2bag_extensions:/opt/ros/humble /usr/bin/cmake --install /home/oumuika/Documents/mirs2403/src/carry_project/build/carry_msgs
