[0.009s] Invoking command in '/home/oumuika/Documents/mirs2403/src/carry_project/build/carry_msgs': CMAKE_PREFIX_PATH=${CMAKE_PREFIX_PATH}:/home/oumuika/Documents/mirs2403/install/web_with_ros2:/home/oumuika/Documents/mirs2403/install/ros2bag_extensions:/opt/ros/humble /usr/bin/cmake /home/oumuika/Documents/mirs2403/src/carry_project/carry_msgs -DCMAKE_INSTALL_PREFIX=/home/oumuika/Documents/mirs2403/src/carry_project/install/carry_msgs
[0.091s] -- The C compiler identification is GNU 11.4.0
[0.146s] -- The CXX compiler identification is GNU 11.4.0
[0.156s] -- Detecting C compiler ABI info
[0.226s] -- Detecting C compiler ABI info - done
[0.232s] -- Check for working C compiler: /usr/bin/cc - skipped
[0.233s] -- Detecting C compile features
[0.233s] -- Detecting C compile features - done
[0.236s] -- Detecting CXX compiler ABI info
[0.312s] -- Detecting CXX compiler ABI info - done
[0.319s] -- Check for working CXX compiler: /usr/bin/c++ - skipped
[0.319s] -- Detecting CXX compile features
[0.319s] -- Detecting CXX compile features - done
[0.324s] -- Found ament_cmake: 1.3.10 (/opt/ros/humble/share/ament_cmake/cmake)
[0.460s] -- Found Python3: /usr/bin/python3 (found version "3.10.12") found components: Interpreter 
[0.610s] -- Found rclcpp: 16.0.10 (/opt/ros/humble/share/rclcpp/cmake)
[0.669s] -- Found rosidl_generator_c: 3.1.5 (/opt/ros/humble/share/rosidl_generator_c/cmake)
[0.677s] -- Found rosidl_adapter: 3.1.5 (/opt/ros/humble/share/rosidl_adapter/cmake)
[0.689s] -- Found rosidl_generator_cpp: 3.1.5 (/opt/ros/humble/share/rosidl_generator_cpp/cmake)
[0.703s] -- Using all available rosidl_typesupport_c: rosidl_typesupport_fastrtps_c;rosidl_typesupport_introspection_c
[0.724s] -- Using all available rosidl_typesupport_cpp: rosidl_typesupport_fastrtps_cpp;rosidl_typesupport_introspection_cpp
[0.781s] -- Found rmw_implementation_cmake: 6.1.2 (/opt/ros/humble/share/rmw_implementation_cmake/cmake)
[0.786s] -- Found rmw_fastrtps_cpp: 6.2.7 (/opt/ros/humble/share/rmw_fastrtps_cpp/cmake)
[0.892s] -- Found OpenSSL: /usr/lib/x86_64-linux-gnu/libcrypto.so (found version "3.0.2")  
[0.923s] -- Found FastRTPS: /opt/ros/humble/include  
[0.970s] -- Using RMW implementation 'rmw_fastrtps_cpp' as default
[0.984s] -- Looking for pthread.h
[1.050s] -- Looking for pthread.h - found
[1.050s] -- Performing Test CMAKE_HAVE_LIBC_PTHREAD
[1.119s] -- Performing Test CMAKE_HAVE_LIBC_PTHREAD - Success
[1.119s] -- Found Threads: TRUE  
[1.173s] -- Found ament_lint_auto: 0.12.11 (/opt/ros/humble/share/ament_lint_auto/cmake)
[1.256s] -- Added test 'lint_cmake' to check CMake code style
[1.258s] -- Added test 'xmllint' to check XML markup files
[1.260s] -- Configuring done
[1.264s] -- Generating done
[1.265s] -- Build files have been written to: /home/oumuika/Documents/mirs2403/src/carry_project/build/carry_msgs
[1.273s] Invoked command in '/home/oumuika/Documents/mirs2403/src/carry_project/build/carry_msgs' returned '0': CMAKE_PREFIX_PATH=${CMAKE_PREFIX_PATH}:/home/oumuika/Documents/mirs2403/install/web_with_ros2:/home/oumuika/Documents/mirs2403/install/ros2bag_extensions:/opt/ros/humble /usr/bin/cmake /home/oumuika/Documents/mirs2403/src/carry_project/carry_msgs -DCMAKE_INSTALL_PREFIX=/home/oumuika/Documents/mirs2403/src/carry_project/install/carry_msgs
[1.275s] Invoking command in '/home/oumuika/Documents/mirs2403/src/carry_project/build/carry_msgs': CMAKE_PREFIX_PATH=${CMAKE_PREFIX_PATH}:/home/oumuika/Documents/mirs2403/install/web_with_ros2:/home/oumuika/Documents/mirs2403/install/ros2bag_extensions:/opt/ros/humble /usr/bin/cmake --build /home/oumuika/Documents/mirs2403/src/carry_project/build/carry_msgs -- -j16 -l16
[1.317s] Invoked command in '/home/oumuika/Documents/mirs2403/src/carry_project/build/carry_msgs' returned '0': CMAKE_PREFIX_PATH=${CMAKE_PREFIX_PATH}:/home/oumuika/Documents/mirs2403/install/web_with_ros2:/home/oumuika/Documents/mirs2403/install/ros2bag_extensions:/opt/ros/humble /usr/bin/cmake --build /home/oumuika/Documents/mirs2403/src/carry_project/build/carry_msgs -- -j16 -l16
[1.348s] Invoking command in '/home/oumuika/Documents/mirs2403/src/carry_project/build/carry_msgs': CMAKE_PREFIX_PATH=${CMAKE_PREFIX_PATH}:/home/oumuika/Documents/mirs2403/install/web_with_ros2:/home/oumuika/Documents/mirs2403/install/ros2bag_extensions:/opt/ros/humble /usr/bin/cmake --install /home/oumuika/Documents/mirs2403/src/carry_project/build/carry_msgs
[1.355s] -- Install configuration: ""
[1.355s] -- Installing: /home/oumuika/Documents/mirs2403/src/carry_project/install/carry_msgs/share/ament_index/resource_index/package_run_dependencies/carry_msgs
[1.355s] -- Installing: /home/oumuika/Documents/mirs2403/src/carry_project/install/carry_msgs/share/ament_index/resource_index/parent_prefix_path/carry_msgs
[1.355s] -- Installing: /home/oumuika/Documents/mirs2403/src/carry_project/install/carry_msgs/share/carry_msgs/environment/ament_prefix_path.sh
[1.356s] -- Installing: /home/oumuika/Documents/mirs2403/src/carry_project/install/carry_msgs/share/carry_msgs/environment/ament_prefix_path.dsv
[1.356s] -- Installing: /home/oumuika/Documents/mirs2403/src/carry_project/install/carry_msgs/share/carry_msgs/environment/path.sh
[1.356s] -- Installing: /home/oumuika/Documents/mirs2403/src/carry_project/install/carry_msgs/share/carry_msgs/environment/path.dsv
[1.356s] -- Installing: /home/oumuika/Documents/mirs2403/src/carry_project/install/carry_msgs/share/carry_msgs/local_setup.bash
[1.356s] -- Installing: /home/oumuika/Documents/mirs2403/src/carry_project/install/carry_msgs/share/carry_msgs/local_setup.sh
[1.356s] -- Installing: /home/oumuika/Documents/mirs2403/src/carry_project/install/carry_msgs/share/carry_msgs/local_setup.zsh
[1.357s] -- Installing: /home/oumuika/Documents/mirs2403/src/carry_project/install/carry_msgs/share/carry_msgs/local_setup.dsv
[1.357s] -- Installing: /home/oumuika/Documents/mirs2403/src/carry_project/install/carry_msgs/share/carry_msgs/package.dsv
[1.357s] -- Installing: /home/oumuika/Documents/mirs2403/src/carry_project/install/carry_msgs/share/ament_index/resource_index/packages/carry_msgs
[1.357s] -- Installing: /home/oumuika/Documents/mirs2403/src/carry_project/install/carry_msgs/share/carry_msgs/cmake/carry_msgsConfig.cmake
[1.357s] -- Installing: /home/oumuika/Documents/mirs2403/src/carry_project/install/carry_msgs/share/carry_msgs/cmake/carry_msgsConfig-version.cmake
[1.358s] -- Installing: /home/oumuika/Documents/mirs2403/src/carry_project/install/carry_msgs/share/carry_msgs/package.xml
[1.360s] Invoked command in '/home/oumuika/Documents/mirs2403/src/carry_project/build/carry_msgs' returned '0': CMAKE_PREFIX_PATH=${CMAKE_PREFIX_PATH}:/home/oumuika/Documents/mirs2403/install/web_with_ros2:/home/oumuika/Documents/mirs2403/install/ros2bag_extensions:/opt/ros/humble /usr/bin/cmake --install /home/oumuika/Documents/mirs2403/src/carry_project/build/carry_msgs
